MicroTOOL FILES/  PICTURE EDITOR  (PICG)

PICG.PIC		MAIN PICTURE
PICG2.PIC		2:ND QUADRANT
PICG3.PIC		3:RD QUADRANT
PICG4.PIC		4:TH QUADRANT
PICGAPNAME.PIC		ALTERNATIVE PICTURE NAME
PICGAREPT.PIC		ALTERNATIVE, FIELD/FIGURE
PICGARNAME.PIC		ALTERNATIVE REPRESENTATION NAME
PICGBCDEF.PIC		BAR/CURVE DEFINITION
PICGBCFORM.PIC		BAR/CURVE FORM
PICGBEXT.PIC		BAR EXTENSION
PICGCEXT.PIC		CURVE EXTENSION
PICGCFORM.PIC		CURVE FORM
PICGCOVER.PIC		EMPTY COVER PICTURE
PICGDELQ.PIC		DELETE PICTURE CONFIRMATION
PICGEBGRKB.PIC		KEYBOARD FOR BACKGROUND EDITING
PICGFDEF.PIC		FIELD DEFINITION
PICGFIGDEF.PIC		FIGURE DEFINITION
PICGFKTCHC.PIC		FUNCTION KEY TYPE SELECTION
PICGHELP.PIC		HELP TEXT
PICGKB.PIC		KEYBOARD			?
PICGLIMITS.PIC		LIMIT EXPRESSIONS
PICGMACT11.PIC		MULTIFIELD EXCEPTION NR:1 DEFINITION
PICGMACT12.PIC		 - || -
PICGMACT13.PIC		 - || -
PICGMACT21.PIC		MULTIFIELD EXCEPTION NR:2 DEFINITION
PICGMACT22.PIC		 - || -
PICGMACT23.PIC		 - || -
PICGMACT31.PIC		MULTIFIELD EXCEPTION NR:3 DEFINITION
PICGMACT32.PIC		 - || -
PICGMACT33.PIC		 - || -
PICGMACT41.PIC		MULTIFIELD PROGRAMMABLE EXCEPTION DEFINITION
PICGMACT42.PIC		 - || -
PICGMACT43.PIC		 - || -
PICGMFDEF.PIC		MULTIFIELD DEFINITION
PICGMFEXC.PIC		MULTIFIELD EXCEPTION FORM
PICGMFEXT.PIC		MULTIFIELD DIRECTION
PICGNORMKB.PIC		NORMAL KEYBOARD			?
PICGPFDELQ.PIC		DELETE PICTURE FUNCTION CONFIRMATION
PICGPFINF1.PIC		PICTURE FUNCTION INFORMATION
PICGPFINFO.PIC		PICTURE FUNCTION INFORMATION
PICGPICTED.PIC		PICTURE EDITING ENTRY PICTURE, EDIT
PICGPICTLS.PIC		PICTURE EDITING ENTRY PICTURE, LIST
PICGPICTMN.PIC		PICTURE EDITING ENTRY PICTURE, MAIN
PICGPNAME.PIC		PICTURE NAME
PICGQFORM.PIC		QUADRANT DEFINITION
PICGQUIT.PIC		QUIT CONFIRMATION
PICGRDEF.PIC		REPRESENTATION DEFINITION
PICGREPRCO.PIC		LIBR. REPR. ENTRY PICTURE, COMPRESS
PICGREPRCP.PIC		LIBR. REPR. ENTRY PICTURE, COPY
PICGREPRDE.PIC		LIBR. REPR. ENTRY PICTURE, DELETE
PICGREPRED.PIC		LIBR. REPR. ENTRY PICTURE, EDIT
PICGREPRI.PIC		LIBR. REPR. ENTRY PICTURE, INFORMATION
PICGREPRLS.PIC		LIBR. REPR. ENTRY PICTURE, LIST
PICGREPRMN.PIC		LIBR. REPR. ENTRY PICTURE, MAIN
PICGRNAME.PIC		REPRESENTATION NAME
PICGRTYPE.PIC		REPRESENTATION TYPE
PICGSDEF.PIC		WINDOW DEFINITION
PICGSEXT.PIC		WINDOW EXTENSION
PICGTEXT.PIC		TEXT EDITOR
PICGTEXTHE.PIC		TEXT EDITOR HELP
PICGTEXTR.PIC		TEXT, REPLACE FORM
PICGTEXTS.PIC		TEXT, SEARCH FORM
PICGTHLPCA.PIC		HELP, CALL
PICGTHLPCN.PIC		HELP, CANCEL
PICGTHLPCO.PIC		HELP, COPY
PICGTHLPCR.PIC		HELP, REPLACE
PICGTHLPCS.PIC		HELP, SEARCH
PICGTHLPDE.PIC		HELP, DELETE
PICGTHLPEX.PIC		HELP, EXIT
PICGTHLPHE.PIC		HELP, HELP
PICGTHLPIN.PIC		HELP, INLINE EDITING
PICGTHLPIS.PIC		HELP, INSERT LINE
PICGTHLPJU.PIC		HELP, JUMP
PICGTHLPMO.PIC		HELP, MOVE
PICGTHLPPR.PIC		HELP, PRINT
PICGTHLPRE.PIC		HELP, REPEAT
PICGTHLPRM.PIC		HELP, REMOVE LINE
PICGTHLPRP.PIC		HELP, REPLACE
PICGTHLPSC.PIC		HELP, SCROLL
PICGTHLPSE.PIC		HELP, SEARCH
PICGTHLPSL.PIC		HELP, SLICE
PICGTXTDEF.PIC		TEXT EDITOR DEFINITIONS
PICGTXTFRM.PIC		FORMAT FOR PRINTING PROGRAM
PICGTXTPRI.PIC		SELECT AND PRINT LINES
PICGVALDEF.PIC		VALUE TYPE DEFINITION
PICGVREP.PIC		CONDITION, REPRESENTATION OR ALTERNATIVE
PICGWRITEF.PIC		READ/WRITE PROGRAM <-> TEXT FILE

TOTAL NUMBER OF FILES: 88


MicroTOOL FILES/  PICTURE DOCUMENTER  (PICL)

PICL.PIC		MAIN PICTURE
PICLFORMA.PIC		ALTERNATIVE FORMAT
PICLFORMA1.PIC		INDICATION/BLINK FORMAT
PICLFORMA2.PIC		INDICATION/BLINK FORMAT
PICLFORMA3.PIC		INDICATION/BLINK FORMAT
PICLFORMA4.PIC		INDICATION/BLINK FORMAT
PICLFORMA5.PIC		INDICATION/BLINK FORMAT
PICLFORMA6.PIC		INDICATION/BLINK FORMAT
PICLFORMAH.PIC		ALTERNATIVE HEADER FORMAT
PICLFORMB.PIC		BASIC DATA FORMAT
PICLFORMBC.PIC		BAR/CURVE FORMAT
PICLFORMBR.PIC		"REPRESENTATION: BAR" FORMAT
PICLFORMCE.PIC		CURVE FORMAT
PICLFORMCN.PIC		"REPRESENTATION: SELECTOR" FORMAT
PICLFORMDP.PIC		DRAW PROGRAM FORMAT
PICLFORME1.PIC		PROGRAMMABLE EXCEPTION FORMAT
PICLFORME2.PIC		PROGRAMMABLE EXCEPTION FORMAT
PICLFORME3.PIC		PROGRAMMABLE EXCEPTION FORMAT
PICLFORMEB.PIC		BAR EXTENSION FORMAT
PICLFORMEC.PIC		CURVE EXTENSION FORMAT
PICLFORMEH.PIC		WINDOW EXTENSION HEADER FORMAT
PICLFORMEM.PIC		MULTIFIELD EXTENSION FORMAT
PICLFORMEP.PIC		EXIT PROGRAM FORMAT
PICLFORMF.PIC		FUNCTION KEY FORMAT
PICLFORMF1.PIC		EXCEPTION TEXT FORMAT
PICLFORMF2.PIC		EXCEPTION TEXT FORMAT
PICLFORMF3.PIC		EXCEPTION TEXT FORMAT
PICLFORMF4.PIC		EXCEPTION TEXT FORMAT
PICLFORMF5.PIC		EXCEPTION TEXT FORMAT
PICLFORMF6.PIC		EXCEPTION TEXT FORMAT
PICLFORMFA.PIC		FUNCTION KEY HEADER FORMAT
PICLFORMFD.PIC		FIELD FORMAT
PICLFORMFE.PIC		FIGURE FORMAT
PICLFORMFH.PIC		FUNCTION KEY HELP FORMAT
PICLFORMFI.PIC		FIELD FORMAT
PICLFORMFM.PIC		FUNCTION KEY MAP FORMAT
PICLFORMFP.PIC		FUNCTION KEY PROGRAM
PICLFORMFT.PIC		FUNCTION KEYS TITEL FORMAT
PICLFORMI.PIC		INDEX FORMAT
PICLFORMIH.PIC		INDEX HEADER FORMAT
PICLFORMIM.PIC		START PROGRAM FORMAT
PICLFORMLI.PIC		LIMIT EXPRESSION FORMAT
PICLFORMLT.PIC		LIBRARY TITLE FORMAT
PICLFORMME.PIC		EXCEPTIONS FORMAT
PICLFORMMF.PIC		MULTIFIELD FORMAT
PICLFORMPF.PIC		PICTURE FUNCTION FORMAT
PICLFORMPI.PIC		WINDOW/ALTERNATIVE FORMAT
PICLFORMPM.PIC		PICTURE FUNCTION MAP FORMAT
PICLFORMPS.PIC		FUNCTION KEY COMMAND FORMAT
PICLFORMPT.PIC		PICTURE FUNCTION TITLE FORMAT
PICLFORMR.PIC		REPRESENTATION FORMAT
PICLFORMR1.PIC		EXCEPTION REPRESENTATION FORMAT
PICLFORMR2.PIC		EXCEPTION REPRESENTATION FORMAT
PICLFORMR3.PIC		EXCEPTION REPRESENTATION FORMAT
PICLFORMR4.PIC		EXCEPTION REPRESENTATION FORMAT
PICLFORMR5.PIC		EXCEPTION REPRESENTATION FORMAT
PICLFORMR6.PIC		EXCEPTION REPRESENTATION FORMAT
PICLFORMRE.PIC		WINDOW/ALTERNATIVE FORMAT
PICLFORMRH.PIC		REPRESENTATION HEADER FORMAT
PICLFORMRV.PIC		REPRESENTATION TYPE FORMAT
PICLFORMSC.PIC		SCALE FORMAT
PICLFORMSD.PIC		SCIL COMMAND FORMAT
PICLFORMSH.PIC		WINDOW HEADER FORMAT
PICLFORMSM.PIC		WINDOW MAP FORMAT
PICLFORMST.PIC		WINDOW TITLE FORMAT
PICLFORMUP.PIC		UPDATE PROGRAM FORMAT
PICLPIENDR.PIC		PICTURE END REPORT
PICLPIREPO.PIC		PICTURE REPORT
PICLREENDR.PIC		REPRESENTATION END REPORT
PICLREREPO.PIC		REPRESENTATION REPORT
PICLTITLE.PIC		DOCUMENT TITLE FORMAT
PICL_LIB.PIC		DOCUMENTING LIBRARY REPRESENTATIONS
PICL_PIC.PIC		DOCUMENTING PICTURES

TOTAL NUMBER OF FILES: 73


MICROTOOL FILES/  PROCESS OBJECTS  (PROD)

PRODF_ADEF.PIC		F-OBJECTS, ATTRIBUTE DEFINITION
PRODF_DEF.PIC		F-OBJECT DEFINITION
PRODF_LANG.PIC		F-OBJECTS, GENERATE SOURCE CODE
PRODF_PCKL.PIC		F-OBJECTS, PICKLIST
PRODSCALE1.PIC		SCALE DEFINITION, TYPE 1
PRODSCALE2.PIC		SCALE DEFINITION, TYPE 2
PROD_A11.PIC		ATTRIBUTE DEFINITION, AO
PROD_A12.PIC		ATTRIBUTE DEFINITION, DB
PROD_A13.PIC		ATTRIBUTE DEFINITION, PC
PROD_A14.PIC		ATTRIBUTE DEFINITION, BS
PROD_A3.PIC		ATTRIBUTE DEFINITION, BI
PROD_A5.PIC		ATTRIBUTE DEFINITION, BO
PROD_A6.PIC		ATTRIBUTE DEFINITION, DI
PROD_A7.PIC		ATTRIBUTE DEFINITION, DO
PROD_A9.PIC		ATTRIBUTE DEFINITION, AI
PROD_ACNT.PIC		ATTRIBUTE DEFINITION, COUNTER
PROD_AED.PIC		MESSAGE: ADDRESS EXISTS
PROD_AEU.PIC		MESSAGE: ADDRESS EXISTS, UPADTE?
PROD_AFXFI.PIC		FX/FI ATTRIBUTE DEFINITION KEY
PROD_AR1.PIC		ATTR DEF, RTU OBJECT COMMAND
PROD_AR10.PIC		ATTR DEF, RTU SINGLE INDICATION
PROD_AR12.PIC		ATTR DEF, RTU OBJECT COMMAND, FTAB
PROD_AR2.PIC		ATTR DEF, RTU REGULATION COMMAND
PROD_AR22.PIC		ATTR DEF, RTU REGULATION COMMAND, FTAB
PROD_AR3.PIC		ATTR DEF, RTU DIGITAL SET POINT
PROD_AR4.PIC		ATTR DEF, RTU ANALOG SET POINT
PROD_AR5.PIC		ATTR DEF, RTU GENERAL PERSIST. OUTPUT
PROD_AR52.PIC		ATTR DEF, RTU GPO, FTAB
PROD_AR6.PIC		ATTR DEF, RTU ANALOG VALUE
PROD_AR61.PIC		ATTR DEF, RTU ANALOG VALUE, FTAB CON.
PROD_AR62.PIC		ATTR DEF, RTU ANALOG VALUE, FTAB
PROD_AR63.PIC		ATTR DEF, RTU ANALOG VALUE, EVENT REC
PROD_AR72D.PIC		ATTR DEF, RTU DOUBLE IND. FTAB
PROD_AR72S.PIC		ATTR DEF, RTU SINGLE IND. FTAB
PROD_AR73D.PIC		ATTR DEF, RTU DOUBLE IND. EVENT REC
PROD_AR73S.PIC		ATTR DEF, RTU SINGLE IND. EVENT REC
PROD_AR7D.PIC		ATTR DEF, RTU DOUBLE IND.
PROD_AR7S.PIC		ATTR DEF, RTU SINGLE IND.
PROD_AR8.PIC		ATTR DEF, RTU PULSE COUNTER
PROD_AR81.PIC		ATTR DEF, RTU PULSE COUNTER, FTAB CON
PROD_AR82.PIC		ATTR DEF, RTU PULSE COUNTER, FTAB
PROD_AR9.PIC		ATTR DEF, RTU DIGITAL VALUE
PROD_AR92.PIC		ATTR DEF, RTU DIGITAL VALUE, FTAB
PROD_ATT10.PIC		ATTR DEF, HISTORY, EVENT REC
PROD_ATT11.PIC		ATTR DEF, LIMITS
PROD_ATT12.PIC		ATTR DEF, SS/IU  EVENT REC
PROD_ATT13.PIC		ATTR DEF, ALARM HANDLING, EVENT REC
PROD_ATT14.PIC		ATTR DEF, ALARM HANDLING, EVENT REC
PROD_ATT15.PIC		ATTR DEF, ALARM HANDLING, EVENT REC
PROD_ATTR1.PIC		ATTR DEF, SS/IU
PROD_ATTR2.PIC		ATTR DEF, HISTORY
PROD_ATTR3.PIC		ATTR DEF, ALARM HANDLING
PROD_ATTR4.PIC		ATTR DEF, PRINTOUT
PROD_ATTR5.PIC		ATTR DEF, ACTION
PROD_ATTR6.PIC		ATTR DEF, ALARM HANDLING
PROD_ATTR7.PIC		ATTR DEF, ALARM HANDLING
PROD_ATTR8.PIC		ATTR DEF, PRINTOUT, EVENT REC
PROD_ATTR9.PIC		ATTR DEF, ACTION, EVENT REC
PROD_CATTR.PIC		ATTR DEF, COMMON ATTRIBUTES (PT>100)
PROD_CONMN.PIC		OBJ TYPE MENU, P-214
PROD_COPYG.PIC		COPY GROUP
PROD_CR.PIC		CROSS REFERENCE
PROD_CRFX.PIC		CROSS REFERENCE
PROD_DELG.PIC		DELETE GROUP
PROD_DELIX.PIC		DELETE INDEX
PROD_FATTR.PIC		USER DEFINED ATTRIBUTES
PROD_FREMN.PIC		OBJ TYPE MENU, USER DEFINED TYPED ?
PROD_FXFI.PIC		ATTR DEF, FX/FI
PROD_GCOPY.PIC		GROUP COPY, KEY
PROD_LCUMN.PIC		OBJ TYPE MENU, LCU
PROD_GCTOW.PIC		MESSAGE: NAME EXISTS IN GROUP COPY
PROD_LN.PIC		GROUP LIST
PROD_LNKEY.PIC		KEYS FOR GROUP LIST
PROD_MAIN.PIC		MAIN PICTURE
PROD_OTYPE.PIC		DEFINITION MAIN PICTURE
PROD_PDLD.PIC		ATTR DEF PD/LD
PROD_PEU.PIC		MESSAGE: OBJECT EXISTS, UPDATE
PROD_PROMN.PIC		OBJ TYPE MENU, PROCOL
PROD_PROO1.PIC		PROCOL ADDRESS DEFINITION
PROD_PROO2.PIC		PROCOL ADDRESS DEFINITION
PROD_PROO3.PIC		PROCOL ADDRESS DEFINITION
PROD_PROO4.PIC		PROCOL ADDRESS DEFINITION
PROD_PROO5.PIC		PROCOL ADDRESS DEFINITION
PROD_PROO6.PIC		PROCOL ADDRESS DEFINITION
PROD_PROO7.PIC		PROCOL ADDRESS DEFINITION
PROD_PROO8.PIC		PROCOL ADDRESS DEFINITION
PROD_RTIMN.PIC		OBJ TYPE MENU, RTU-200 WITHOUT FTAB
PROD_RTUMN.PIC		OBJ TYPE MENU, RTU-200
PROD_RTUST.PIC		ADDRESS LIST, RTU-200
PROD_SATMN.PIC		OBJ TYPE MENU, SATTCON
PROD_SATS1.PIC		SATTCON ADDRESS DEFINITION
PROD_SATS3.PIC		SATTCON ADDRESS DEFINITION
PROD_SCALE.PIC		SCALE DEFINITION
PROD_SFTAB.PIC		MESSAGE: SEND FTAB TO RTU
PROD_STA.PIC		STATION LIST
PROD_STAMN.PIC		OBJ TYPE MENU, STA
PROD_STKEY.PIC		KEYS FOR STATION LIST
PROD_UDOBJ.PIC		OBJ TYPE MENU, USER DEFINED TYPED
PROD_UNOI.PIC		MESSAGE: UNDEFINED NAME OR INDEX
PROD_US.PIC		MESSAGE: UNDEFINED SCALE
PROD_WFTAB.PIC		WRITE FTABS			?

TOTAL NUMBER OF FILES: 100


MicroTOOL FILES/  PROCESS OBJECT DOCUMENTER  (PROL)

PROL_APL.PIC		SELECT APPLICATION
PROL_F0.PIC		FORMAT			?
PROL_F10.PIC		FORMAT TYPE 10
PROL_F11.PIC		FORMAT TYPE 11
PROL_F12.PIC		FORMAT TYPE 12
PROL_F13.PIC		FORMAT TYPE 13
PROL_F14.PIC		FORMAT TYPE 14
PROL_F2.PIC		FORMAT TYPE 2
PROL_F3.PIC		FORMAT TYPE 3
PROL_F4.PIC		FORMAT TYPE 4
PROL_F5.PIC		FORMAT TYPE 5
PROL_F6.PIC		FORMAT TYPE 6
PROL_F7.PIC		FORMAT TYPE 7
PROL_F8.PIC		FORMAT TYPE 8
PROL_F9.PIC		FORMAT TYPE 9
PROL_FCON.PIC		CONSICE FORMAT
PROL_FCUD.PIC		CONSICE FORMAT, USER DEFINED TYPES
PROL_FEUD.PIC		FORMAT, USER DEFINED TYPES
PROL_FGR.PIC		FORMAT, GROUP TITLE
PROL_FPT.PIC		FORMAT, OBJECT TYPE
PROL_FS0.PIC		FORMAT, SCALE TYPE 0
PROL_FS1.PIC		FORMAT, SCALE TYPE 1
PROL_FS2.PIC		FORMAT, SCALE TYPE 2
PROL_TITLS.PIC		TITLE FORMAT FOR SCALES
PROL_T_CON.PIC		HEADER FOR CONCISE FORMAT
PROL_T_EXT.PIC		HEADER FOR EXTENDED FORMAT

TOTAL NUMBER OF FILES: 26


MicroTOOL FILES/  REPORT OBJECT DEFINITION  (REPC)

REPCLFNOPS.PIC		DATA OBJ, NUMBER OF REG/EXPR
REPCLFPS.PIC		DATA OBJ, NUMBER OF REG/EXPR/MAX VAL
REPCLFSR.PIC		DATA OBJ, SOURCE
REPCTEST.PIC		TEST PICTURE, REV (7.1)
REPCTEXTHE.PIC		COMMAND PROCEDURE TEXT EDITOR HELP
REPC_A.PIC		EVENT CHANNEL DEFINITION
REPC_C.PIC		COMMMAND PROCEDURE DEFINITION
REPC_C1.PIC		COMMAND PROCEDURE TEXT EDITOR
REPC_C2.PIC		COMMAND PROCEDURE, ERASE EDITOR
REPC_D.PIC		DATA OBJECT DEFINITION
REPC_D1.PIC		DATA OBJECT, DISPLAY DATA
REPC_T.PIC		TIME CHANNEL DEFINITION
REPC_T1.PIC		TIME CHANNEL, ACTIVATED OBJECTS

TOTAL NUMBER OF FILES: 13


MicroTOOL FILES/  REPORT OBJECT DOCUMENTER  (REPL)

REPL.PIC		MAIN PICTURE
REPLCOBREP.PIC		COMMAND PROCEDURE REPORT
REPLDOBREP.PIC		DATA OBJECT REPORT
REPLECREPO.PIC		EVENT CHANNEL REPORT
REPLENDREP.PIC		DOCUMENT END REPORT
REPLFORMAH.PIC		TIME CHANNEL HEADER FORMAT
REPLFORMCP.PIC		COMMAND PROCEDURE FORMAT
REPLFORMEC.PIC		EVENT CHANNEL FORMAT
REPLFORMEH.PIC		EVENT CHANNEL HEADER
REPLFORMIN.PIC		FORMULA/COMMAND FORMAT
REPLFORMOB.PIC		DATA OBJECT FORMAT
REPLFORMOC.PIC		DATA OBJECT FORMAT
REPLFORMOH.PIC		OBJECT HEADER FORMAT
REPLFORMOL.PIC		OBJECT LIST FORMAT
REPLFORMOP.PIC		DATA OBJECT FORMAT
REPLFORMOR.PIC		OBJECT ADDITIONAL FORMAT
REPLFORMPH.PIC		PRIORITY OBJECT LIST HEADER FORMAT
REPLFORMT0.PIC		TIME CHANNEL FORMAT
REPLFORMTC.PIC		TIME CHANNEL FORMAT
REPLFORMTH.PIC		TIME CHANNEL HEADER FORMAT
REPLFORMTI.PIC		TIME CHANNEL FORMAT
REPLTCREPO.PIC		TIME CHANNEL REPORT
REPLTITLE.PIC		DOCUMENT TITLE

TOTAL NUMBER OF FILES: 23


MicroTOOL FILES/  SYSTEM CONFIGURATION  (SYSO)

RTU_FDL.CIN		COMMAND PROCEDURE, RTU
RTU_TEM.CIN		COMMAND PROCEDURE, RTU
RTU_TEV.CIN		COMMAND PROCEDURE, RTU
SYSOB_MAIN.PIC		BASE SYST CONF, MAIN PICTURE
SYSOB_ALC.PIC		BASE SYST CONF, ALARM COUNTER
SYSOB_APL.PIC		BASE SYST CONF, APL DEFINITION
SYSOB_APLP.PIC		BASE SYST CONF, STOP PRINTER SPOOLER
SYSOB_APLR.PIC		BASE SYST CONF, STOP REPORT TASK
SYSOB_CONF.COM		BASE SYST CONF, ATTRIBUTE DEFINITIONS
SYSOB_DC.PIC		BASE SYST CONF, DIAGNOSTIC COUNTER
SYSOB_DEFS.COM		BASE SYST CONF, ATTR DEFAULT VALUES
SYSOB_FILE.PIC		BASE SYST CONF, WRITE CONF FILE
SYSOB_IND.PIC		BASE SYST CONF, IND DEFINITION
SYSOB_LIN.PIC		BASE SYST CONF, LIN DEFINITION
SYSOB_LST.PIC		BASE SYST CONF, LIST OBJECTS
SYSOB_MAP.PIC		BASE SYST CONF, MAPPINGS
SYSOB_MAPA.PIC		BASE SYST CONF, ADD MAPPINGS
SYSOB_MAPD.PIC		BASE SYST CONF, DELETE MAPPINGS
SYSOB_MEM.PIC		BASE SYST CONF, MEMORY USAGE
SYSOB_MON.PIC		BASE SYST CONF, MON DEFINITION
SYSOB_NOD.PIC		BASE SYST CONF, NOD DEFINITION
SYSOB_PRI.PIC		BASE SYST CONF, PRI DEFINITION
SYSOB_PRIH.PIC		BASE SYST CONF, PRI HEADER DEFINITION
SYSOB_SEL.PIC		BASE SYST CONF, PICK LIST
SYSOB_STA.PIC		BASE SYST CONF, STA DEFINITION
SYSOB_SYS.PIC		BASE SYST CONF, SYS DEFINITION
SYSOB_VAR.PIC		BASE SYST CONF, OBJECT VARIABLES
SYSOPAC.PIC		PAC-5 CONFIGURATION 
SYSOPACATR.PIC		PAC-5 ATTRIBUTE WINDOW 
SYSOPCL.PIC		P214 STATION : MAIN CONFIGURATION PICTURE
SYSOPCLDEV.PIC		P214 
SYSOPCLDIA.PIC		P214 DIAGNOSTIC COUNTERS
SYSOPCLEC.PIC		P214 EVENT LIST MONIITORING 
SYSOPCLGP.PIC		P214 GROUP PARAMETER READ / WRITE
SYSOPCLMS.PIC		P214 
SYSOPCLST.PIC		P214 
SYSOPRIX.PIR		PIXEL EDITOR FOR NET PRINTER CONNECTION
SYSOP_CHCK.PIC		NET PRE CONF, CHECK CONFIGURATION
SYSOP_CONF.COM		NET PRE CONF, ATTRIBUTE DEFINITIONS
SYSOP_CONF.PIC		NET PRE CONF, CONFIRM
SYSOP_COP1.PIC		NET PRE CONF, COPY
SYSOP_COP2.PIC		NET PRE CONF, COPY
SYSOP_COP3.PIC		NET PRE CONF, COPY
SYSOP_DEFS.COM		NET PRE CONF, DEFAULT ATTR VALUES
SYSOP_DEVA.PIC		NET PRE CONF, ATTRIBUTE LIST
SYSOP_DEVL.PIC		NET PRE CONF, SELECT DEVICE TYPE
SYSOP_DEVS.PIC		NET PRE CONF, SELECT DEVICE NUMBER
SYSOP_EXTR.PIC		NET PRE CONF, EXTRACT VALUES
SYSOP_FERR.PIC		NET PRE CONF, FRAME ERRORS DETECTED
SYSOP_FILN.PIC		NET PRE CONF, ENTER FILE NAME
SYSOP_FORM.PIC		NET PRE CONF, FORMAT FOR PRINTOUTS
SYSOP_GVEC.PIC		NET PRE CONF, GENERATE SUMMARY
SYSOP_LACT.PIC		NET PRE CONF, LOAD ACTIVE CONF
SYSOP_LOSA.PIC		NET PRE CONF, LOAD/SAVE
SYSOP_MAIN.PIC		NET PRE CONF, MAIN PICTURE
SYSOP_PCKL.PIC		NET PRE CONF, PICK LIST
SYSOP_SDOC.PIC		NET PRE CONF, MAKE DOCUMENT
SYSOP_STAT.PIC		NET PRE CONF, STATUS INFO
SYSOP_THNS.PIC		NET PRE CONF, SELECT THIS NODE
SYSOP_TOST.PIC		NET PRE CONF, RUN TO_STREAM
SYSOP_TOVA.PIC		NET PRE CONF. RUN TO_VARL
SYSOP_VDOC.PIC		NET PRE CONF, VIEW DOCUMENT
SYSOP_VSUM.PIC		NET PRE CONF, VIEW SUMMARY
SYSORCT.PIC		RCT (PROCOL) CONFIGFURATION : MAIN PICTURE
SYSORCTCCT.PIC		CCTMUX CONFIGURATION
SYSORCTLIN.PIC 		CCTMUX LINE CONFIGURATION
SYSORCTSTA.PIC		CCTMUX RCT STATION CONN. CONFIGURATION
SYSORTU.PIC		SPIDER RTU CONFIGURATION :MAIN PICTURE
SYSORTUCHB.PIC		SPIDER RTU 
SYSORTUCHS.PIC		SPIDER RTU 
SYSORTUCHT.PIC		SPIDER RTU 
SYSORTUCST.PIC		SPIDER RTU 
SYSORTUCV.PIC		SPIDER RTU 
SYSORTUDC.PIC		SPIDER RTU 
SYSORTUDEV.PIC		SPIDER RTU 
SYSORTUFCM.PIC		SPIDER RTU 
SYSORTULIN.PIC		SPIDER RTU 
SYSORTUMOD.PIC		SPIDER RTU 
SYSORTUOC.PIC		SPIDER RTU 
SYSORTURC.PIC		SPIDER RTU 
SYSORTURP.PIC		SPIDER RTU 
SYSORTUSC.PIC		SPIDER RTU 
SYSORTUSMC.PIC		SPIDER RTU 
SYSORTUTEX.PIC		SPIDER RTU 
SYSORTUTIM.PIC		SPIDER RTU 
SYSORTUTST.PIC		SPIDER RTU 
SYSOSAT.PIC		SATTCONTROL (COMLI) INTERFACE CONFIGUATION
SYSOSATATR.PIC		SATTCONTROL ATTRIBUTE WINDOW
SYSOSIN.PIC		ADLP80 	(SINDAC) INTERFACE CONFIGURATION
SYSOSINCRO.PIC		ADLP80 ADDRESS CROSS REFERENCES
SYSOSINEV.PIC		ADLP80 : NET EVENT QUEUE 
SYSOSINMNU.PIC		ADLP80 : PICTURE MENU
SYSOSINVA.PIC		ADLP80 : NET MEASURAND BUFFER 
SYSOSINVI.PIC		ADLP80 : NET INDICATION BUFFER
SYSO_BROWS.PIC		GENERIC BROWSING WINDOW
SYSO_CON.PIC		SYSTEM CONTROL, MAIN PICTURE
SYSO_CONAP.PIC		SYSTEM CONTROL, APPLICATIONS
SYSO_CONMO.PIC		SYSTEM CONTROL, MONITORS
SYSO_CONSI.PIC		SYSTEM CONTROL, INFO
SYSO_COUNT.PIC		GENERIC DIAGNOSTIC COUNTER PICTURE
SYSO_NACE.PIC		AUTOMATIC DIAL UP ATTRIBUTES OF NET LINE
SYSO_NBUF.PIC		NET BUFFER DIAGNOSTICS
SYSO_NCMD.PIC		COMMUNICATION COMMAND WINDOW
SYSO_NDIAC.PIC		NET LINE DOAGNOSTIC COUNTES
SYSO_NDMAP.PIC		NET DEVICE MAP
SYSO_NDUMP.PIC		NET MEMORY INVESTIGATION 
SYSO_NEXT.PIC		EXTERNAL NET CONNECTION CONFIGURATION
SYSO_NFIND.PIC		NET MEMORY INVESTIGATION: FIND PATTERN
SYSO_NLANS.PIC		NET ANSI LINE ATTRIBUTES
SYSO_NLIN.PIC		NET LINE CONFIGURATION
SYSO_NLPRO.PIC		NET PROCONTROL P214 ATTRIBUTES
SYSO_NLSRC.PIC		NET SRC 570 ATTRIBUTES
SYSO_NMAP.PIC		NET LINE PROTOCOL MAP WINDOW
SYSO_NMDT.PIC		STA STATION: MEMORY AREA DATA TYPE CONF.
SYSO_NMEM.PIC		STA STATION: MEMORY AREA CONFIGURATION
SYSO_NNET.PIC		NET INTERNAL ATTRIBUTE CONFIGURATION
SYSO_NNR.PIC		NET NUMBER SELECTION
SYSO_NPER.PIC		PERIPHERAL CONFIGURATION (FOR SMS HW ONLY)
SYSO_NPRI.PIC		PRINTER CONFIGURATION
SYSO_NPRIX.PIC		PIXEL EDITOR FOR NET PRINTER TYPES 3 AND 7
SYSO_NPROC.PIC		NET MEMORY INVESTIGATION, POROCESSES
SYSO_NREST.PIC		NET RESTART 
SYSO_NSATR.PIC		STATION ADDRESS TRANSLATION PICTURE
SYSO_NSTA.PIC		STA STATION CONFIGURATION : MAIN PICTURE
SYSO_NSTAC.PIC		STA STATION
SYSO_NSTAD.PIC		STA STATION : DIAGNOSTIC STATUS
SYSO_NSTAT.PIC		STA STATION : STATUS MESSAGE WINDOW
SYSO_NSYS.PIC		APPLICATION CONNECTION CONFIGURATION
SYSO_NVAHV.PIC		CONFIRMATION WINDW

TOTAL NUMBER OF FILES: 128


MicroTOOL FILES/  FILE HANDLING  (SYSF)

SYSF.PIC		MAIN PICTURE
SYSF_COPF.PIC		COPY FILES
SYSF_CRED.PIC		CREATE DIRECTORY
SYSF_DELD.PIC		DELETE DIRECTORY
SYSF_DELET.PIC		COPY CONFIRM
SYSF_DELF.PIC		DELETE FILES
SYSF_REND.PIC		RENAME DIRECTORY
SYSF_RENF.PIC		RENAME FILE

TOTAL NUMBER OF FILES: 8


MicroTOOL FILES/  MISCELLANEOUS (LAN_)

LAN_1.PIC		MICROTOOL MAIN MENU
LAN_3.PIC		3:RD QUADRAN
LAN_3A.PIC		3:RD QUADRANT, EXTENSION
LAN_4.PIC		4:TH QUADRANT
LAN_ALLFIL.LIS		THIS LIST
LAN_APLMNT.PIC		APPLICATION MAINTENANCE		?
LAN_ASCII.PIC		ASCII KEYBOARD
LAN_CAL.PIC		BACKGROUND PICTURE FOR CALCULATOR
LAN_CAL1.PIC		CALCULATOR
LAN_COPY.PIC		DATABASE <-> TEXT FILE MAIN PICTURE
LAN_COPYOT.PIC		DATABASE <-> TEXT FILE, SELECT OBJ TYPE
LAN_DOCUM.PIC		MICROTOOL MENU, DOCUMANTATION
LAN_HELP.HLP		HELP FUNCTION, HELP TEXT
LAN_HELP.PIC		HELP VIEWER, OLD VERSION			?
LAN_HEDIT.PIC		HELP FUNCTION, EDIT HELP TEXT FILES
LAN_HEMENU.PIC		HELP FUNCTION, MENU IN EDIT PICTURE
LAN_HTESTS.PIC		HELP FUNCTION, MESSAGE/MAIN FUNCTION
LAN_HTEXT.PIC		HELP FUNCTION, VIEW HELP TEXTS
LAN_HEXMPL.PIC		HELP FUNCTION, SAMPLE HELP PICTURE
LAN_KEYED.PIC		MICROTOOL MENU, USER KEYS EDITOR
LAN_NETCFG.PIC		MICROTOOL MENU, NET CONFIGURATION
LAN_NORMKB.PIC		KEYBOARD			?
LAN_OBJECT.PIC		OBJECT DEFINITION TOOL, MAIN PICTURE
LAN_OBJDEL.PIC		OBJECT DEFINITION TOOL, CONFIRM DELETION
LAN_OBJSEL.PIC		OBJECT DEFINITION TOOL, SELECT TYPE
LAN_PICKL.PIC		PICKLIST			?
LAN_SELAPL.PIC		APPLICATION PICKLIST
LAN_SPEED.PIC		SCIL PERFORMANCE TEST PICTURE
LAN_STAND.PIR		MICROTOOL LIBRARY REPRESENTATIONS
LAN_START.PIC		START PICTURE
LAN_STATCV.PIC		STATUS TEXT CONVERSION
LAN_STATUS.ASC		STATUS TEXTS
LAN_STATUS.BIN		STATUS TEXTS
LAN_STATUS.PIC		STATUS TEXT VIEWER
LAN_SUBSTA.PIC		MICROTOOL MENU, SUBSTATION CONFIGURATION
LAN_TEST.PIC		TEST PICTURE
LAN_TEST2.PIC		TEST PICTURE, UPDATING ON/OFF
LAN_TEXT.PIC		TEXT VIEWER, (HELP TEXTS)
LAN_TEXTE.PIC		TEXT EDITOR, ENTRY PICTURE
LAN_TEXTED.PIC		TEXT EDITOR
LAN_TIME.PIC		TIME SETTING PICTURES
LAN_TXTFIL.LIS		LIST OF TEXT FILES IN MICROTOOL
LAN_VERS.TXT		MICROTOOL REVISION HISTORY
LAN_WATCH.PIC		TEST PICTURE

TOTAL NUMBER OF FILES: 41


