LAN_/LAN_ALLFIL.LIS
LAN_/LAN_VERS.TXT
LAN_/LAN_HELP.HLP
LAN_/LAN_HELP.TXT
LAN_/LAN_FGDEF.COM
LAN_/LAN_COLMIX.LTX
LAN_/LAN_TOPO.LTX
LAN_/LAN_REVHIS.TXT
PICG/PICG.LTX
PICG/PICGDRAWTB.LTX
PICG/PICGDRAWGS.LTX
PICG/PICGREPRDA.LTX
PICG/PICGPICTDA.LTX
PICG/PICGZMINFO.TXT
PROD/PROD_CONF.COM
SYSO/RTU_FDL.CIN
SYSO/RTU_TEM.CIN
SYSO/RTU_TEV.CIN
SYSO/SYSOLOOCL1.CPR
SYSO/SYSOLOOCL2.CPR
SYSO/SYSOLOOCRE.CPR
SYSO/SYSOLOOREM.CPR
SYSO/SYSORF_CL.CPR
SYSO/SYSORF_CRC.CPR
SYSO/SYSORF_CRD.CPR
SYSO/SYSORF_REC.CPR
SYSO/SYSORF_RED.CPR
SYSO/SYSORF_DL.DOB
SYSO/SYSOP_CONF.COM
SYSO/SYSOP_DEFS.COM
SYSO/SYSOB_CONF.COM
SYSO/SYSOB_DEFS.COM
SYSO/SYSON_CONF.COM
