-------------------------------------------------------------
Error log generated: 2021-01-03 13:49:28
Environment:   Apl: MAIN ; Tool: Object Navigator: C:\SC\STOOL\APLBUILD\ObjNavig.vso (1.280) ; Product: SYS_600 10.2.1 PRODUCTION (10.2 PRODUCTION) ; Platform: PC/AT | Windows Server 2016 | VS_LOCAL
Error:         421 SCIL_ATTRIBUTE_NOT_FOUND
In program:    PRJMGR\TOOLMGR_1\OBJNAVIG_1\APPLICATION_OBJECT_NAVIGATOR.ON_STANDARD_FUNCTION_PROPERTIES
On line:       142                            l_Tmp_Data = NEW_PICTURE_FUNCTION_CONF.L_CD3
In file:       C:\SC\STOOL\APLBUILD\ObjNavig.vso
Error state:   STOP
Comments:      
Call Stack:    APPLICATION_OBJECT_NAVIGATOR.ON_STANDARD_FUNCTION_PROPERTIES
                  Line 142:                            l_Tmp_Data = NEW_PICTURE_FUNCTION_CONF.L_CD3
               APPLICATION_OBJECT_NAVIGATOR\MNB_MENUBAR\MNU_STANDARD_FUNCTION\MNI_STANDARD_FUNCTION_PROPERTIES.NOTIFY
                  Line 1: ROOT.On_Standard_Function_Properties
-------------------------------------------------------------
Error log generated: 2021-01-03 13:51:10
Environment:   Apl: MAIN ; Tool: Object Navigator: C:\SC\STOOL\APLBUILD\ObjNavig.vso (1.280) ; Product: SYS_600 10.2.1 PRODUCTION (10.2 PRODUCTION) ; Platform: PC/AT | Windows Server 2016 | VS_LOCAL
Error:         421 SCIL_ATTRIBUTE_NOT_FOUND
In program:    PRJMGR\TOOLMGR_1\OBJNAVIG_1\APPLICATION_OBJECT_NAVIGATOR.ON_STANDARD_FUNCTION_PROPERTIES
On line:       142                            l_Tmp_Data = NEW_PICTURE_FUNCTION_CONF.L_CD3
In file:       C:\SC\STOOL\APLBUILD\ObjNavig.vso
Error state:   STOP
Comments:      
Call Stack:    APPLICATION_OBJECT_NAVIGATOR.ON_STANDARD_FUNCTION_PROPERTIES
                  Line 142:                            l_Tmp_Data = NEW_PICTURE_FUNCTION_CONF.L_CD3
               APPLICATION_OBJECT_NAVIGATOR\MNB_MENUBAR\MNU_STANDARD_FUNCTION\MNI_STANDARD_FUNCTION_PROPERTIES.NOTIFY
                  Line 1: ROOT.On_Standard_Function_Properties
-------------------------------------------------------------
Error log generated: 2021-01-03 13:55:44
Environment:   Apl: MAIN ; Tool: Object Navigator: C:\SC\STOOL\APLBUILD\ObjNavig.vso (1.280) ; Product: SYS_600 10.2.1 PRODUCTION (10.2 PRODUCTION) ; Platform: PC/AT | Windows Server 2016 | VS_LOCAL
Error:         421 SCIL_ATTRIBUTE_NOT_FOUND
In program:    PRJMGR\TOOLMGR_1\OBJNAVIG_1\APPLICATION_OBJECT_NAVIGATOR.ON_STANDARD_FUNCTION_PROPERTIES
On line:       142                            l_Tmp_Data = NEW_PICTURE_FUNCTION_CONF.L_CD3
In file:       C:\SC\STOOL\APLBUILD\ObjNavig.vso
Error state:   STOP
Comments:      
Call Stack:    APPLICATION_OBJECT_NAVIGATOR.ON_STANDARD_FUNCTION_PROPERTIES
                  Line 142:                            l_Tmp_Data = NEW_PICTURE_FUNCTION_CONF.L_CD3
               APPLICATION_OBJECT_NAVIGATOR\MNB_MENUBAR\MNU_STANDARD_FUNCTION\MNI_STANDARD_FUNCTION_PROPERTIES.NOTIFY
                  Line 1: ROOT.On_Standard_Function_Properties
-------------------------------------------------------------
Error log generated: 2021-02-03 13:16:03
Environment:   Apl: MAIN ; Tool: Object Navigator: C:\SC\STOOL\APLBUILD\ObjNavig.vso (1.280) ; Product: SYS_600 10.2.1 PRODUCTION (10.2 PRODUCTION) ; Platform: PC/AT | Windows Server 2016 | VS_LOCAL
Error:         586 SCIL_INDEX_OUT_OF_RANGE
In program:    PRJMGR\TOOLMGR_1\OBJNAVIG_1\APPLICATION_OBJECT_NAVIGATOR\NB_VIEWS\NBP_GROUP_VIEW.FIND_PROCESS_OBJECT_INDEXES
On line:       18             v_IXs(j) = %Gll_Shown_Objects.IX(i)
In file:       C:\SC\STOOL\APLBUILD\ObjNavig.vso
Error state:   STOP
Comments:      
Call Stack:    APPLICATION_OBJECT_NAVIGATOR\NB_VIEWS\NBP_GROUP_VIEW.FIND_PROCESS_OBJECT_INDEXES
                  Line 18:             v_IXs(j) = %Gll_Shown_Objects.IX(i)
               APPLICATION_OBJECT_NAVIGATOR\NB_VIEWS\NBP_GROUP_VIEW.OBJECT_NAME_LIST_NOTIFY
                  Line 51:          .Find_Process_Object_Indexes(t_New_LN)
               APPLICATION_OBJECT_NAVIGATOR\NB_VIEWS\NBP_GROUP_VIEW\CONTAINER2\CNT_NAMELIST_ITEMS\OBJECTLIST.NOTIFY
                  Line 1: ROOT\\nbp_Group_View.Object_Name_List_Notify
-------------------------------------------------------------
Error log generated: 2021-02-03 13:16:09
Environment:   Apl: MAIN ; Tool: Object Navigator: C:\SC\STOOL\APLBUILD\ObjNavig.vso (1.280) ; Product: SYS_600 10.2.1 PRODUCTION (10.2 PRODUCTION) ; Platform: PC/AT | Windows Server 2016 | VS_LOCAL
Error:         586 SCIL_INDEX_OUT_OF_RANGE
In program:    PRJMGR\TOOLMGR_1\OBJNAVIG_1\APPLICATION_OBJECT_NAVIGATOR\NB_VIEWS\NBP_GROUP_VIEW.FIND_PROCESS_OBJECT_INDEXES
On line:       18             v_IXs(j) = %Gll_Shown_Objects.IX(i)
In file:       C:\SC\STOOL\APLBUILD\ObjNavig.vso
Error state:   STOP
Comments:      
Call Stack:    APPLICATION_OBJECT_NAVIGATOR\NB_VIEWS\NBP_GROUP_VIEW.FIND_PROCESS_OBJECT_INDEXES
                  Line 18:             v_IXs(j) = %Gll_Shown_Objects.IX(i)
               APPLICATION_OBJECT_NAVIGATOR\NB_VIEWS\NBP_GROUP_VIEW.OBJECT_NAME_LIST_NOTIFY
                  Line 51:          .Find_Process_Object_Indexes(t_New_LN)
               APPLICATION_OBJECT_NAVIGATOR\NB_VIEWS\NBP_GROUP_VIEW\CONTAINER2\CNT_NAMELIST_ITEMS\OBJECTLIST.NOTIFY
                  Line 1: ROOT\\nbp_Group_View.Object_Name_List_Notify
-------------------------------------------------------------
Error log generated: 2021-02-03 13:16:13
Environment:   Apl: MAIN ; Tool: Object Navigator: C:\SC\STOOL\APLBUILD\ObjNavig.vso (1.280) ; Product: SYS_600 10.2.1 PRODUCTION (10.2 PRODUCTION) ; Platform: PC/AT | Windows Server 2016 | VS_LOCAL
Error:         586 SCIL_INDEX_OUT_OF_RANGE
In program:    PRJMGR\TOOLMGR_1\OBJNAVIG_1\APPLICATION_OBJECT_NAVIGATOR\NB_VIEWS\NBP_GROUP_VIEW.FIND_PROCESS_OBJECT_INDEXES
On line:       18             v_IXs(j) = %Gll_Shown_Objects.IX(i)
In file:       C:\SC\STOOL\APLBUILD\ObjNavig.vso
Error state:   STOP
Comments:      
Call Stack:    APPLICATION_OBJECT_NAVIGATOR\NB_VIEWS\NBP_GROUP_VIEW.FIND_PROCESS_OBJECT_INDEXES
                  Line 18:             v_IXs(j) = %Gll_Shown_Objects.IX(i)
               APPLICATION_OBJECT_NAVIGATOR\NB_VIEWS\NBP_GROUP_VIEW.OBJECT_NAME_LIST_NOTIFY
                  Line 51:          .Find_Process_Object_Indexes(t_New_LN)
               APPLICATION_OBJECT_NAVIGATOR\NB_VIEWS\NBP_GROUP_VIEW\CONTAINER2\CNT_NAMELIST_ITEMS\OBJECTLIST.NOTIFY
                  Line 1: ROOT\\nbp_Group_View.Object_Name_List_Notify
-------------------------------------------------------------
Error log generated: 2021-02-03 13:16:24
Environment:   Apl: MAIN ; Tool: Object Navigator: C:\SC\STOOL\APLBUILD\ObjNavig.vso (1.280) ; Product: SYS_600 10.2.1 PRODUCTION (10.2 PRODUCTION) ; Platform: PC/AT | Windows Server 2016 | VS_LOCAL
Error:         586 SCIL_INDEX_OUT_OF_RANGE
In program:    PRJMGR\TOOLMGR_1\OBJNAVIG_1\APPLICATION_OBJECT_NAVIGATOR\NB_VIEWS\NBP_GROUP_VIEW.FIND_PROCESS_OBJECT_INDEXES
On line:       18             v_IXs(j) = %Gll_Shown_Objects.IX(i)
In file:       C:\SC\STOOL\APLBUILD\ObjNavig.vso
Error state:   STOP
Comments:      
Call Stack:    APPLICATION_OBJECT_NAVIGATOR\NB_VIEWS\NBP_GROUP_VIEW.FIND_PROCESS_OBJECT_INDEXES
                  Line 18:             v_IXs(j) = %Gll_Shown_Objects.IX(i)
               APPLICATION_OBJECT_NAVIGATOR\NB_VIEWS\NBP_GROUP_VIEW.OBJECT_NAME_LIST_NOTIFY
                  Line 51:          .Find_Process_Object_Indexes(t_New_LN)
               APPLICATION_OBJECT_NAVIGATOR\NB_VIEWS\NBP_GROUP_VIEW\CONTAINER2\CNT_NAMELIST_ITEMS\OBJECTLIST.NOTIFY
                  Line 1: ROOT\\nbp_Group_View.Object_Name_List_Notify
-------------------------------------------------------------
Error log generated: 2021-02-03 16:46:19
Environment:   Apl: MAIN ; Tool: Object Navigator: C:\SC\STOOL\APLBUILD\ObjNavig.vso (1.280) ; Product: SYS_600 10.2.1 PRODUCTION (10.2 PRODUCTION) ; Platform: PC/AT | Windows Server 2016 | VS_LOCAL
Error:         421 SCIL_ATTRIBUTE_NOT_FOUND
In program:    PRJMGR\TOOLMGR_1\OBJNAVIG_1\APPLICATION_OBJECT_NAVIGATOR.ON_STANDARD_FUNCTION_PROPERTIES
On line:       142                            l_Tmp_Data = NEW_PICTURE_FUNCTION_CONF.L_CD2
In file:       C:\SC\STOOL\APLBUILD\ObjNavig.vso
Error state:   STOP
Comments:      
Call Stack:    APPLICATION_OBJECT_NAVIGATOR.ON_STANDARD_FUNCTION_PROPERTIES
                  Line 142:                            l_Tmp_Data = NEW_PICTURE_FUNCTION_CONF.L_CD2
               APPLICATION_OBJECT_NAVIGATOR\MNB_MENUBAR\MNU_STANDARD_FUNCTION\MNI_STANDARD_FUNCTION_PROPERTIES.NOTIFY
                  Line 1: ROOT.On_Standard_Function_Properties
-------------------------------------------------------------
Error log generated: 2021-02-03 16:46:27
Environment:   Apl: MAIN ; Tool: Object Navigator: C:\SC\STOOL\APLBUILD\ObjNavig.vso (1.280) ; Product: SYS_600 10.2.1 PRODUCTION (10.2 PRODUCTION) ; Platform: PC/AT | Windows Server 2016 | VS_LOCAL
Error:         421 SCIL_ATTRIBUTE_NOT_FOUND
In program:    PRJMGR\TOOLMGR_1\OBJNAVIG_1\APPLICATION_OBJECT_NAVIGATOR.ON_STANDARD_FUNCTION_PROPERTIES
On line:       142                            l_Tmp_Data = NEW_PICTURE_FUNCTION_CONF.L_CD2
In file:       C:\SC\STOOL\APLBUILD\ObjNavig.vso
Error state:   STOP
Comments:      
Call Stack:    APPLICATION_OBJECT_NAVIGATOR.ON_STANDARD_FUNCTION_PROPERTIES
                  Line 142:                            l_Tmp_Data = NEW_PICTURE_FUNCTION_CONF.L_CD2
               APPLICATION_OBJECT_NAVIGATOR\MNB_MENUBAR\MNU_STANDARD_FUNCTION\MNI_STANDARD_FUNCTION_PROPERTIES.NOTIFY
                  Line 1: ROOT.On_Standard_Function_Properties
-------------------------------------------------------------
Error log generated: 2021-02-04 10:19:37
Environment:   Apl: MAIN ; Tool: C:\SC\APL\MAIN\PICT\PRD_TX.VSO ; Product: SYS_600 10.2.1 PRODUCTION (10.2 PRODUCTION) ; Platform: PC/AT | Windows Server 2016 | VS_LOCAL
Error:         188 SCIL_UNDEFINED_VARIABLE
In program:    CHILDDIALOG\BOOK\MODE.STATUS_MODE
On line:       1 #local  i = %t_IX_s; + 1
In file:       C:\SC\APL\MAIN\PICT\PRD_TX.VSO
Error state:   STOP
Comments:      
Call Stack:    CHILDDIALOG\BOOK\MODE.STATUS_MODE
                  Line 1: #local  i = %t_IX_s; + 1
               CHILDDIALOG.READ_PARAM
                  Line 40: root\book\mode.status_mode
               CHILDDIALOG.SETSETTINGS
                  Line 1: .read_param
               CHILDDIALOG.NOTIFY
                  Line 1: .setsettings
-------------------------------------------------------------
Error log generated: 2021-02-04 10:19:54
Environment:   Apl: MAIN ; Tool: C:\SC\APL\MAIN\PICT\PRD_TX.VSO ; Product: SYS_600 10.2.1 PRODUCTION (10.2 PRODUCTION) ; Platform: PC/AT | Windows Server 2016 | VS_LOCAL
Error:         188 SCIL_UNDEFINED_VARIABLE
In program:    CHILDDIALOG\BOOK\MODE.STATUS_MODE
On line:       1 #local  i = %t_IX_s; + 1
In file:       C:\SC\APL\MAIN\PICT\PRD_TX.VSO
Error state:   STOP
Comments:      
Call Stack:    CHILDDIALOG\BOOK\MODE.STATUS_MODE
                  Line 1: #local  i = %t_IX_s; + 1
               CHILDDIALOG.READ_PARAM
                  Line 40: root\book\mode.status_mode
               CHILDDIALOG.SETSETTINGS
                  Line 1: .read_param
               CHILDDIALOG.NOTIFY
                  Line 1: .setsettings
-------------------------------------------------------------
Error log generated: 2021-02-04 12:52:56
Environment:   Apl: MAIN ; Tool: C:\SC\APL\MAIN\PICT\APK\PRD_TX.VSO ; Product: SYS_600 10.2.1 PRODUCTION (10.2 PRODUCTION) ; Platform: PC/AT | Windows Server 2016 | VS_LOCAL
Error:         188 SCIL_UNDEFINED_VARIABLE
In program:    CHILDDIALOG\BOOK\MODE.STATUS_MODE
On line:       1 #local  i = %t_IX_s; + 1
In file:       C:\SC\APL\MAIN\PICT\APK\PRD_TX.VSO
Error state:   STOP
Comments:      
Call Stack:    CHILDDIALOG\BOOK\MODE.STATUS_MODE
                  Line 1: #local  i = %t_IX_s; + 1
               CHILDDIALOG.READ_PARAM
                  Line 40: root\book\mode.status_mode
               CHILDDIALOG.SETSETTINGS
                  Line 1: .read_param
               CHILDDIALOG.NOTIFY
                  Line 1: .setsettings
-------------------------------------------------------------
Error log generated: 2021-02-04 12:54:31
Environment:   Apl: MAIN ; Tool: C:\SC\APL\MAIN\PICT\APK\PRD_TX.VSO ; Product: SYS_600 10.2.1 PRODUCTION (10.2 PRODUCTION) ; Platform: PC/AT | Windows Server 2016 | VS_LOCAL
Error:         188 SCIL_UNDEFINED_VARIABLE
In program:    CHILDDIALOG\BOOK\MODE.STATUS_MODE
On line:       1 #local  i = %t_IX_s; + 1
In file:       C:\SC\APL\MAIN\PICT\APK\PRD_TX.VSO
Error state:   STOP
Comments:      
Call Stack:    CHILDDIALOG\BOOK\MODE.STATUS_MODE
                  Line 1: #local  i = %t_IX_s; + 1
               CHILDDIALOG.READ_PARAM
                  Line 40: root\book\mode.status_mode
               CHILDDIALOG.SETSETTINGS
                  Line 1: .read_param
               CHILDDIALOG.NOTIFY
                  Line 1: .setsettings
-------------------------------------------------------------
Error log generated: 2021-02-04 12:57:03
Environment:   Apl: MAIN ; Tool: C:\SC\APL\MAIN\PICT\APK\PRD_TX.VSO ; Product: SYS_600 10.2.1 PRODUCTION (10.2 PRODUCTION) ; Platform: PC/AT | Windows Server 2016 | VS_LOCAL
Error:         188 SCIL_UNDEFINED_VARIABLE
In program:    CHILDDIALOG\BOOK\MODE.READ_MODE
On line:       1 #local ln_LR, t_LR, led = 0, tr_st, t_GOOSE, t_TRIP, TRIP_IX = %t_IX_s + 2, KTx_status, ktx_st, KTx_status_IX = %t_IX_s + 1, KTx_mode, KTx_mode_ix = %t_IX_s; + 1, RE
In file:       C:\SC\APL\MAIN\PICT\APK\PRD_TX.VSO
Error state:   STOP
Comments:      
Call Stack:    CHILDDIALOG\BOOK\MODE.READ_MODE
                  Line 1: #local ln_LR, t_LR, led = 0, tr_st, t_GOOSE, t_TRIP, TRIP_IX = %t_IX_s + 2, KTx_status, ktx_st, KTx_status_IX = %t_IX_s + 1, KTx_mode, KTx_mode_ix = %t_IX_s; + 1, RE
               CHILDDIALOG.SETSETTINGS
                  Line 10: ROOT\BOOK\Mode.read_mode
               CHILDDIALOG.NOTIFY
                  Line 1: .setsettings
-------------------------------------------------------------
Error log generated: 2021-02-04 12:57:03
Environment:   Apl: MAIN ; Tool: C:\SC\APL\MAIN\PICT\APK\PRD_TX.VSO ; Product: SYS_600 10.2.1 PRODUCTION (10.2 PRODUCTION) ; Platform: PC/AT | Windows Server 2016 | VS_LOCAL
Error:         188 SCIL_UNDEFINED_VARIABLE
In program:    CHILDDIALOG\BOOK\MODE.READ_MODE
On line:       1 #local ln_LR, t_LR, led = 0, tr_st, t_GOOSE, t_TRIP, TRIP_IX = %t_IX_s + 2, KTx_status, ktx_st, KTx_status_IX = %t_IX_s + 1, KTx_mode, KTx_mode_ix = %t_IX_s; + 1, RE
In file:       C:\SC\APL\MAIN\PICT\APK\PRD_TX.VSO
Error state:   STOP
Comments:      
Call Stack:    CHILDDIALOG\BOOK\MODE.READ_MODE
                  Line 1: #local ln_LR, t_LR, led = 0, tr_st, t_GOOSE, t_TRIP, TRIP_IX = %t_IX_s + 2, KTx_status, ktx_st, KTx_status_IX = %t_IX_s + 1, KTx_mode, KTx_mode_ix = %t_IX_s; + 1, RE
               CHILDDIALOG\BOOK\MODE.Cyclic 2
                  Line 1: .read_mode
-------------------------------------------------------------
Error log generated: 2021-02-04 12:57:04
Environment:   Apl: MAIN ; Tool: C:\SC\APL\MAIN\PICT\APK\PRD_TX.VSO ; Product: SYS_600 10.2.1 PRODUCTION (10.2 PRODUCTION) ; Platform: PC/AT | Windows Server 2016 | VS_LOCAL
Error:         188 SCIL_UNDEFINED_VARIABLE
In program:    CHILDDIALOG\BOOK\MODE.READ_MODE
On line:       1 #local ln_LR, t_LR, led = 0, tr_st, t_GOOSE, t_TRIP, TRIP_IX = %t_IX_s + 2, KTx_status, ktx_st, KTx_status_IX = %t_IX_s + 1, KTx_mode, KTx_mode_ix = %t_IX_s; + 1, RE
In file:       C:\SC\APL\MAIN\PICT\APK\PRD_TX.VSO
Error state:   STOP
Comments:      
Call Stack:    CHILDDIALOG\BOOK\MODE.READ_MODE
                  Line 1: #local ln_LR, t_LR, led = 0, tr_st, t_GOOSE, t_TRIP, TRIP_IX = %t_IX_s + 2, KTx_status, ktx_st, KTx_status_IX = %t_IX_s + 1, KTx_mode, KTx_mode_ix = %t_IX_s; + 1, RE
               CHILDDIALOG\BOOK\MODE.Cyclic 2
                  Line 1: .read_mode
-------------------------------------------------------------
Error log generated: 2021-02-04 12:57:06
Environment:   Apl: MAIN ; Tool: C:\SC\APL\MAIN\PICT\APK\PRD_TX.VSO ; Product: SYS_600 10.2.1 PRODUCTION (10.2 PRODUCTION) ; Platform: PC/AT | Windows Server 2016 | VS_LOCAL
Error:         188 SCIL_UNDEFINED_VARIABLE
In program:    CHILDDIALOG\BOOK\MODE.READ_MODE
On line:       1 #local ln_LR, t_LR, led = 0, tr_st, t_GOOSE, t_TRIP, TRIP_IX = %t_IX_s + 2, KTx_status, ktx_st, KTx_status_IX = %t_IX_s + 1, KTx_mode, KTx_mode_ix = %t_IX_s; + 1, RE
In file:       C:\SC\APL\MAIN\PICT\APK\PRD_TX.VSO
Error state:   STOP
Comments:      
Call Stack:    CHILDDIALOG\BOOK\MODE.READ_MODE
                  Line 1: #local ln_LR, t_LR, led = 0, tr_st, t_GOOSE, t_TRIP, TRIP_IX = %t_IX_s + 2, KTx_status, ktx_st, KTx_status_IX = %t_IX_s + 1, KTx_mode, KTx_mode_ix = %t_IX_s; + 1, RE
               CHILDDIALOG\BOOK\MODE.Cyclic 2
                  Line 1: .read_mode
-------------------------------------------------------------
Error log generated: 2021-02-04 12:57:08
Environment:   Apl: MAIN ; Tool: C:\SC\APL\MAIN\PICT\APK\PRD_TX.VSO ; Product: SYS_600 10.2.1 PRODUCTION (10.2 PRODUCTION) ; Platform: PC/AT | Windows Server 2016 | VS_LOCAL
Error:         188 SCIL_UNDEFINED_VARIABLE
In program:    CHILDDIALOG\BOOK\MODE.READ_MODE
On line:       1 #local ln_LR, t_LR, led = 0, tr_st, t_GOOSE, t_TRIP, TRIP_IX = %t_IX_s + 2, KTx_status, ktx_st, KTx_status_IX = %t_IX_s + 1, KTx_mode, KTx_mode_ix = %t_IX_s; + 1, RE
In file:       C:\SC\APL\MAIN\PICT\APK\PRD_TX.VSO
Error state:   STOP
Comments:      
Call Stack:    CHILDDIALOG\BOOK\MODE.READ_MODE
                  Line 1: #local ln_LR, t_LR, led = 0, tr_st, t_GOOSE, t_TRIP, TRIP_IX = %t_IX_s + 2, KTx_status, ktx_st, KTx_status_IX = %t_IX_s + 1, KTx_mode, KTx_mode_ix = %t_IX_s; + 1, RE
               CHILDDIALOG\BOOK\MODE.Cyclic 2
                  Line 1: .read_mode
-------------------------------------------------------------
Error log generated: 2021-02-04 12:57:10
Environment:   Apl: MAIN ; Tool: C:\SC\APL\MAIN\PICT\APK\PRD_TX.VSO ; Product: SYS_600 10.2.1 PRODUCTION (10.2 PRODUCTION) ; Platform: PC/AT | Windows Server 2016 | VS_LOCAL
Error:         188 SCIL_UNDEFINED_VARIABLE
In program:    CHILDDIALOG\BOOK\MODE.READ_MODE
On line:       1 #local ln_LR, t_LR, led = 0, tr_st, t_GOOSE, t_TRIP, TRIP_IX = %t_IX_s + 2, KTx_status, ktx_st, KTx_status_IX = %t_IX_s + 1, KTx_mode, KTx_mode_ix = %t_IX_s; + 1, RE
In file:       C:\SC\APL\MAIN\PICT\APK\PRD_TX.VSO
Error state:   STOP
Comments:      
Call Stack:    CHILDDIALOG\BOOK\MODE.READ_MODE
                  Line 1: #local ln_LR, t_LR, led = 0, tr_st, t_GOOSE, t_TRIP, TRIP_IX = %t_IX_s + 2, KTx_status, ktx_st, KTx_status_IX = %t_IX_s + 1, KTx_mode, KTx_mode_ix = %t_IX_s; + 1, RE
               CHILDDIALOG\BOOK\MODE.Cyclic 2
                  Line 1: .read_mode
-------------------------------------------------------------
Error log generated: 2021-02-04 12:57:12
Environment:   Apl: MAIN ; Tool: C:\SC\APL\MAIN\PICT\APK\PRD_TX.VSO ; Product: SYS_600 10.2.1 PRODUCTION (10.2 PRODUCTION) ; Platform: PC/AT | Windows Server 2016 | VS_LOCAL
Error:         188 SCIL_UNDEFINED_VARIABLE
In program:    CHILDDIALOG\BOOK\MODE.READ_MODE
On line:       1 #local ln_LR, t_LR, led = 0, tr_st, t_GOOSE, t_TRIP, TRIP_IX = %t_IX_s + 2, KTx_status, ktx_st, KTx_status_IX = %t_IX_s + 1, KTx_mode, KTx_mode_ix = %t_IX_s; + 1, RE
In file:       C:\SC\APL\MAIN\PICT\APK\PRD_TX.VSO
Error state:   STOP
Comments:      
Call Stack:    CHILDDIALOG\BOOK\MODE.READ_MODE
                  Line 1: #local ln_LR, t_LR, led = 0, tr_st, t_GOOSE, t_TRIP, TRIP_IX = %t_IX_s + 2, KTx_status, ktx_st, KTx_status_IX = %t_IX_s + 1, KTx_mode, KTx_mode_ix = %t_IX_s; + 1, RE
               CHILDDIALOG\BOOK\MODE.Cyclic 2
                  Line 1: .read_mode
-------------------------------------------------------------
Error log generated: 2021-02-04 12:57:14
Environment:   Apl: MAIN ; Tool: C:\SC\APL\MAIN\PICT\APK\PRD_TX.VSO ; Product: SYS_600 10.2.1 PRODUCTION (10.2 PRODUCTION) ; Platform: PC/AT | Windows Server 2016 | VS_LOCAL
Error:         188 SCIL_UNDEFINED_VARIABLE
In program:    CHILDDIALOG\BOOK\MODE.READ_MODE
On line:       1 #local ln_LR, t_LR, led = 0, tr_st, t_GOOSE, t_TRIP, TRIP_IX = %t_IX_s + 2, KTx_status, ktx_st, KTx_status_IX = %t_IX_s + 1, KTx_mode, KTx_mode_ix = %t_IX_s; + 1, RE
In file:       C:\SC\APL\MAIN\PICT\APK\PRD_TX.VSO
Error state:   STOP
Comments:      
Call Stack:    CHILDDIALOG\BOOK\MODE.READ_MODE
                  Line 1: #local ln_LR, t_LR, led = 0, tr_st, t_GOOSE, t_TRIP, TRIP_IX = %t_IX_s + 2, KTx_status, ktx_st, KTx_status_IX = %t_IX_s + 1, KTx_mode, KTx_mode_ix = %t_IX_s; + 1, RE
               CHILDDIALOG\BOOK\MODE.Cyclic 2
                  Line 1: .read_mode
-------------------------------------------------------------
Error log generated: 2021-02-04 12:57:16
Environment:   Apl: MAIN ; Tool: C:\SC\APL\MAIN\PICT\APK\PRD_TX.VSO ; Product: SYS_600 10.2.1 PRODUCTION (10.2 PRODUCTION) ; Platform: PC/AT | Windows Server 2016 | VS_LOCAL
Error:         188 SCIL_UNDEFINED_VARIABLE
In program:    CHILDDIALOG\BOOK\MODE.READ_MODE
On line:       1 #local ln_LR, t_LR, led = 0, tr_st, t_GOOSE, t_TRIP, TRIP_IX = %t_IX_s + 2, KTx_status, ktx_st, KTx_status_IX = %t_IX_s + 1, KTx_mode, KTx_mode_ix = %t_IX_s; + 1, RE
In file:       C:\SC\APL\MAIN\PICT\APK\PRD_TX.VSO
Error state:   STOP
Comments:      
Call Stack:    CHILDDIALOG\BOOK\MODE.READ_MODE
                  Line 1: #local ln_LR, t_LR, led = 0, tr_st, t_GOOSE, t_TRIP, TRIP_IX = %t_IX_s + 2, KTx_status, ktx_st, KTx_status_IX = %t_IX_s + 1, KTx_mode, KTx_mode_ix = %t_IX_s; + 1, RE
               CHILDDIALOG\BOOK\MODE.Cyclic 2
                  Line 1: .read_mode
-------------------------------------------------------------
Error log generated: 2021-02-04 12:57:18
Environment:   Apl: MAIN ; Tool: C:\SC\APL\MAIN\PICT\APK\PRD_TX.VSO ; Product: SYS_600 10.2.1 PRODUCTION (10.2 PRODUCTION) ; Platform: PC/AT | Windows Server 2016 | VS_LOCAL
Error:         188 SCIL_UNDEFINED_VARIABLE
In program:    CHILDDIALOG\BOOK\MODE.READ_MODE
On line:       1 #local ln_LR, t_LR, led = 0, tr_st, t_GOOSE, t_TRIP, TRIP_IX = %t_IX_s + 2, KTx_status, ktx_st, KTx_status_IX = %t_IX_s + 1, KTx_mode, KTx_mode_ix = %t_IX_s; + 1, RE
In file:       C:\SC\APL\MAIN\PICT\APK\PRD_TX.VSO
Error state:   STOP
Comments:      
Call Stack:    CHILDDIALOG\BOOK\MODE.READ_MODE
                  Line 1: #local ln_LR, t_LR, led = 0, tr_st, t_GOOSE, t_TRIP, TRIP_IX = %t_IX_s + 2, KTx_status, ktx_st, KTx_status_IX = %t_IX_s + 1, KTx_mode, KTx_mode_ix = %t_IX_s; + 1, RE
               CHILDDIALOG\BOOK\MODE.Cyclic 2
                  Line 1: .read_mode
-------------------------------------------------------------
Error log generated: 2021-02-04 12:57:20
Environment:   Apl: MAIN ; Tool: C:\SC\APL\MAIN\PICT\APK\PRD_TX.VSO ; Product: SYS_600 10.2.1 PRODUCTION (10.2 PRODUCTION) ; Platform: PC/AT | Windows Server 2016 | VS_LOCAL
Error:         188 SCIL_UNDEFINED_VARIABLE
In program:    CHILDDIALOG\BOOK\MODE.READ_MODE
On line:       1 #local ln_LR, t_LR, led = 0, tr_st, t_GOOSE, t_TRIP, TRIP_IX = %t_IX_s + 2, KTx_status, ktx_st, KTx_status_IX = %t_IX_s + 1, KTx_mode, KTx_mode_ix = %t_IX_s; + 1, RE
In file:       C:\SC\APL\MAIN\PICT\APK\PRD_TX.VSO
Error state:   STOP
Comments:      
Call Stack:    CHILDDIALOG\BOOK\MODE.READ_MODE
                  Line 1: #local ln_LR, t_LR, led = 0, tr_st, t_GOOSE, t_TRIP, TRIP_IX = %t_IX_s + 2, KTx_status, ktx_st, KTx_status_IX = %t_IX_s + 1, KTx_mode, KTx_mode_ix = %t_IX_s; + 1, RE
               CHILDDIALOG\BOOK\MODE.Cyclic 2
                  Line 1: .read_mode
-------------------------------------------------------------
Error log generated: 2021-02-04 12:57:22
Environment:   Apl: MAIN ; Tool: C:\SC\APL\MAIN\PICT\APK\PRD_TX.VSO ; Product: SYS_600 10.2.1 PRODUCTION (10.2 PRODUCTION) ; Platform: PC/AT | Windows Server 2016 | VS_LOCAL
Error:         188 SCIL_UNDEFINED_VARIABLE
In program:    CHILDDIALOG\BOOK\MODE.READ_MODE
On line:       1 #local ln_LR, t_LR, led = 0, tr_st, t_GOOSE, t_TRIP, TRIP_IX = %t_IX_s + 2, KTx_status, ktx_st, KTx_status_IX = %t_IX_s + 1, KTx_mode, KTx_mode_ix = %t_IX_s; + 1, RE
In file:       C:\SC\APL\MAIN\PICT\APK\PRD_TX.VSO
Error state:   STOP
Comments:      
Call Stack:    CHILDDIALOG\BOOK\MODE.READ_MODE
                  Line 1: #local ln_LR, t_LR, led = 0, tr_st, t_GOOSE, t_TRIP, TRIP_IX = %t_IX_s + 2, KTx_status, ktx_st, KTx_status_IX = %t_IX_s + 1, KTx_mode, KTx_mode_ix = %t_IX_s; + 1, RE
               CHILDDIALOG\BOOK\MODE.Cyclic 2
                  Line 1: .read_mode
-------------------------------------------------------------
Error log generated: 2021-02-04 12:57:24
Environment:   Apl: MAIN ; Tool: C:\SC\APL\MAIN\PICT\APK\PRD_TX.VSO ; Product: SYS_600 10.2.1 PRODUCTION (10.2 PRODUCTION) ; Platform: PC/AT | Windows Server 2016 | VS_LOCAL
Error:         188 SCIL_UNDEFINED_VARIABLE
In program:    CHILDDIALOG\BOOK\MODE.READ_MODE
On line:       1 #local ln_LR, t_LR, led = 0, tr_st, t_GOOSE, t_TRIP, TRIP_IX = %t_IX_s + 2, KTx_status, ktx_st, KTx_status_IX = %t_IX_s + 1, KTx_mode, KTx_mode_ix = %t_IX_s; + 1, RE
In file:       C:\SC\APL\MAIN\PICT\APK\PRD_TX.VSO
Error state:   STOP
Comments:      
Call Stack:    CHILDDIALOG\BOOK\MODE.READ_MODE
                  Line 1: #local ln_LR, t_LR, led = 0, tr_st, t_GOOSE, t_TRIP, TRIP_IX = %t_IX_s + 2, KTx_status, ktx_st, KTx_status_IX = %t_IX_s + 1, KTx_mode, KTx_mode_ix = %t_IX_s; + 1, RE
               CHILDDIALOG\BOOK\MODE.Cyclic 2
                  Line 1: .read_mode
-------------------------------------------------------------
Error log generated: 2021-02-04 12:57:26
Environment:   Apl: MAIN ; Tool: C:\SC\APL\MAIN\PICT\APK\PRD_TX.VSO ; Product: SYS_600 10.2.1 PRODUCTION (10.2 PRODUCTION) ; Platform: PC/AT | Windows Server 2016 | VS_LOCAL
Error:         188 SCIL_UNDEFINED_VARIABLE
In program:    CHILDDIALOG\BOOK\MODE.READ_MODE
On line:       1 #local ln_LR, t_LR, led = 0, tr_st, t_GOOSE, t_TRIP, TRIP_IX = %t_IX_s + 2, KTx_status, ktx_st, KTx_status_IX = %t_IX_s + 1, KTx_mode, KTx_mode_ix = %t_IX_s; + 1, RE
In file:       C:\SC\APL\MAIN\PICT\APK\PRD_TX.VSO
Error state:   STOP
Comments:      
Call Stack:    CHILDDIALOG\BOOK\MODE.READ_MODE
                  Line 1: #local ln_LR, t_LR, led = 0, tr_st, t_GOOSE, t_TRIP, TRIP_IX = %t_IX_s + 2, KTx_status, ktx_st, KTx_status_IX = %t_IX_s + 1, KTx_mode, KTx_mode_ix = %t_IX_s; + 1, RE
               CHILDDIALOG\BOOK\MODE.Cyclic 2
                  Line 1: .read_mode
-------------------------------------------------------------
Error log generated: 2021-02-04 12:57:28
Environment:   Apl: MAIN ; Tool: C:\SC\APL\MAIN\PICT\APK\PRD_TX.VSO ; Product: SYS_600 10.2.1 PRODUCTION (10.2 PRODUCTION) ; Platform: PC/AT | Windows Server 2016 | VS_LOCAL
Error:         188 SCIL_UNDEFINED_VARIABLE
In program:    CHILDDIALOG\BOOK\MODE.READ_MODE
On line:       1 #local ln_LR, t_LR, led = 0, tr_st, t_GOOSE, t_TRIP, TRIP_IX = %t_IX_s + 2, KTx_status, ktx_st, KTx_status_IX = %t_IX_s + 1, KTx_mode, KTx_mode_ix = %t_IX_s; + 1, RE
In file:       C:\SC\APL\MAIN\PICT\APK\PRD_TX.VSO
Error state:   STOP
Comments:      
Call Stack:    CHILDDIALOG\BOOK\MODE.READ_MODE
                  Line 1: #local ln_LR, t_LR, led = 0, tr_st, t_GOOSE, t_TRIP, TRIP_IX = %t_IX_s + 2, KTx_status, ktx_st, KTx_status_IX = %t_IX_s + 1, KTx_mode, KTx_mode_ix = %t_IX_s; + 1, RE
               CHILDDIALOG\BOOK\MODE.Cyclic 2
                  Line 1: .read_mode
-------------------------------------------------------------
Error log generated: 2021-02-04 12:57:30
Environment:   Apl: MAIN ; Tool: C:\SC\APL\MAIN\PICT\APK\PRD_TX.VSO ; Product: SYS_600 10.2.1 PRODUCTION (10.2 PRODUCTION) ; Platform: PC/AT | Windows Server 2016 | VS_LOCAL
Error:         188 SCIL_UNDEFINED_VARIABLE
In program:    CHILDDIALOG\BOOK\MODE.READ_MODE
On line:       1 #local ln_LR, t_LR, led = 0, tr_st, t_GOOSE, t_TRIP, TRIP_IX = %t_IX_s + 2, KTx_status, ktx_st, KTx_status_IX = %t_IX_s + 1, KTx_mode, KTx_mode_ix = %t_IX_s; + 1, RE
In file:       C:\SC\APL\MAIN\PICT\APK\PRD_TX.VSO
Error state:   STOP
Comments:      
Call Stack:    CHILDDIALOG\BOOK\MODE.READ_MODE
                  Line 1: #local ln_LR, t_LR, led = 0, tr_st, t_GOOSE, t_TRIP, TRIP_IX = %t_IX_s + 2, KTx_status, ktx_st, KTx_status_IX = %t_IX_s + 1, KTx_mode, KTx_mode_ix = %t_IX_s; + 1, RE
               CHILDDIALOG\BOOK\MODE.Cyclic 2
                  Line 1: .read_mode
-------------------------------------------------------------
Error log generated: 2021-02-04 12:57:32
Environment:   Apl: MAIN ; Tool: C:\SC\APL\MAIN\PICT\APK\PRD_TX.VSO ; Product: SYS_600 10.2.1 PRODUCTION (10.2 PRODUCTION) ; Platform: PC/AT | Windows Server 2016 | VS_LOCAL
Error:         188 SCIL_UNDEFINED_VARIABLE
In program:    CHILDDIALOG\BOOK\MODE.READ_MODE
On line:       1 #local ln_LR, t_LR, led = 0, tr_st, t_GOOSE, t_TRIP, TRIP_IX = %t_IX_s + 2, KTx_status, ktx_st, KTx_status_IX = %t_IX_s + 1, KTx_mode, KTx_mode_ix = %t_IX_s; + 1, RE
In file:       C:\SC\APL\MAIN\PICT\APK\PRD_TX.VSO
Error state:   STOP
Comments:      
Call Stack:    CHILDDIALOG\BOOK\MODE.READ_MODE
                  Line 1: #local ln_LR, t_LR, led = 0, tr_st, t_GOOSE, t_TRIP, TRIP_IX = %t_IX_s + 2, KTx_status, ktx_st, KTx_status_IX = %t_IX_s + 1, KTx_mode, KTx_mode_ix = %t_IX_s; + 1, RE
               CHILDDIALOG\BOOK\MODE.Cyclic 2
                  Line 1: .read_mode
-------------------------------------------------------------
Error log generated: 2021-02-04 12:57:39
Environment:   Apl: MAIN ; Tool: C:\SC\APL\MAIN\PICT\APK\PRD_TX.VSO ; Product: SYS_600 10.2.1 PRODUCTION (10.2 PRODUCTION) ; Platform: PC/AT | Windows Server 2016 | VS_LOCAL
Error:         188 SCIL_UNDEFINED_VARIABLE
In program:    CHILDDIALOG\BOOK\MODE.READ_MODE
On line:       1 #local ln_LR, t_LR, led = 0, tr_st, t_GOOSE, t_TRIP, TRIP_IX = %t_IX_s + 2, KTx_status, ktx_st, KTx_status_IX = %t_IX_s + 1, KTx_mode, KTx_mode_ix = %t_IX_s; + 1, RE
In file:       C:\SC\APL\MAIN\PICT\APK\PRD_TX.VSO
Error state:   STOP
Comments:      
Call Stack:    CHILDDIALOG\BOOK\MODE.READ_MODE
                  Line 1: #local ln_LR, t_LR, led = 0, tr_st, t_GOOSE, t_TRIP, TRIP_IX = %t_IX_s + 2, KTx_status, ktx_st, KTx_status_IX = %t_IX_s + 1, KTx_mode, KTx_mode_ix = %t_IX_s; + 1, RE
               CHILDDIALOG\BOOK\MODE.Cyclic 2
                  Line 1: .read_mode
-------------------------------------------------------------
Error log generated: 2021-02-04 12:57:40
Environment:   Apl: MAIN ; Tool: C:\SC\APL\MAIN\PICT\APK\PRD_TX.VSO ; Product: SYS_600 10.2.1 PRODUCTION (10.2 PRODUCTION) ; Platform: PC/AT | Windows Server 2016 | VS_LOCAL
Error:         188 SCIL_UNDEFINED_VARIABLE
In program:    CHILDDIALOG\BOOK\MODE.READ_MODE
On line:       1 #local ln_LR, t_LR, led = 0, tr_st, t_GOOSE, t_TRIP, TRIP_IX = %t_IX_s + 2, KTx_status, ktx_st, KTx_status_IX = %t_IX_s + 1, KTx_mode, KTx_mode_ix = %t_IX_s; + 1, RE
In file:       C:\SC\APL\MAIN\PICT\APK\PRD_TX.VSO
Error state:   STOP
Comments:      
Call Stack:    CHILDDIALOG\BOOK\MODE.READ_MODE
                  Line 1: #local ln_LR, t_LR, led = 0, tr_st, t_GOOSE, t_TRIP, TRIP_IX = %t_IX_s + 2, KTx_status, ktx_st, KTx_status_IX = %t_IX_s + 1, KTx_mode, KTx_mode_ix = %t_IX_s; + 1, RE
               CHILDDIALOG\BOOK\MODE.Cyclic 2
                  Line 1: .read_mode
-------------------------------------------------------------
Error log generated: 2021-02-04 12:57:42
Environment:   Apl: MAIN ; Tool: C:\SC\APL\MAIN\PICT\APK\PRD_TX.VSO ; Product: SYS_600 10.2.1 PRODUCTION (10.2 PRODUCTION) ; Platform: PC/AT | Windows Server 2016 | VS_LOCAL
Error:         188 SCIL_UNDEFINED_VARIABLE
In program:    CHILDDIALOG\BOOK\MODE.READ_MODE
On line:       1 #local ln_LR, t_LR, led = 0, tr_st, t_GOOSE, t_TRIP, TRIP_IX = %t_IX_s + 2, KTx_status, ktx_st, KTx_status_IX = %t_IX_s + 1, KTx_mode, KTx_mode_ix = %t_IX_s; + 1, RE
In file:       C:\SC\APL\MAIN\PICT\APK\PRD_TX.VSO
Error state:   STOP
Comments:      
Call Stack:    CHILDDIALOG\BOOK\MODE.READ_MODE
                  Line 1: #local ln_LR, t_LR, led = 0, tr_st, t_GOOSE, t_TRIP, TRIP_IX = %t_IX_s + 2, KTx_status, ktx_st, KTx_status_IX = %t_IX_s + 1, KTx_mode, KTx_mode_ix = %t_IX_s; + 1, RE
               CHILDDIALOG\BOOK\MODE.Cyclic 2
                  Line 1: .read_mode
-------------------------------------------------------------
Error log generated: 2021-02-04 12:57:44
Environment:   Apl: MAIN ; Tool: C:\SC\APL\MAIN\PICT\APK\PRD_TX.VSO ; Product: SYS_600 10.2.1 PRODUCTION (10.2 PRODUCTION) ; Platform: PC/AT | Windows Server 2016 | VS_LOCAL
Error:         188 SCIL_UNDEFINED_VARIABLE
In program:    CHILDDIALOG\BOOK\MODE.READ_MODE
On line:       1 #local ln_LR, t_LR, led = 0, tr_st, t_GOOSE, t_TRIP, TRIP_IX = %t_IX_s + 2, KTx_status, ktx_st, KTx_status_IX = %t_IX_s + 1, KTx_mode, KTx_mode_ix = %t_IX_s; + 1, RE
In file:       C:\SC\APL\MAIN\PICT\APK\PRD_TX.VSO
Error state:   STOP
Comments:      
Call Stack:    CHILDDIALOG\BOOK\MODE.READ_MODE
                  Line 1: #local ln_LR, t_LR, led = 0, tr_st, t_GOOSE, t_TRIP, TRIP_IX = %t_IX_s + 2, KTx_status, ktx_st, KTx_status_IX = %t_IX_s + 1, KTx_mode, KTx_mode_ix = %t_IX_s; + 1, RE
               CHILDDIALOG\BOOK\MODE.Cyclic 2
                  Line 1: .read_mode
-------------------------------------------------------------
Error log generated: 2021-02-04 12:57:46
Environment:   Apl: MAIN ; Tool: C:\SC\APL\MAIN\PICT\APK\PRD_TX.VSO ; Product: SYS_600 10.2.1 PRODUCTION (10.2 PRODUCTION) ; Platform: PC/AT | Windows Server 2016 | VS_LOCAL
Error:         188 SCIL_UNDEFINED_VARIABLE
In program:    CHILDDIALOG\BOOK\MODE.READ_MODE
On line:       1 #local ln_LR, t_LR, led = 0, tr_st, t_GOOSE, t_TRIP, TRIP_IX = %t_IX_s + 2, KTx_status, ktx_st, KTx_status_IX = %t_IX_s + 1, KTx_mode, KTx_mode_ix = %t_IX_s; + 1, RE
In file:       C:\SC\APL\MAIN\PICT\APK\PRD_TX.VSO
Error state:   STOP
Comments:      
Call Stack:    CHILDDIALOG\BOOK\MODE.READ_MODE
                  Line 1: #local ln_LR, t_LR, led = 0, tr_st, t_GOOSE, t_TRIP, TRIP_IX = %t_IX_s + 2, KTx_status, ktx_st, KTx_status_IX = %t_IX_s + 1, KTx_mode, KTx_mode_ix = %t_IX_s; + 1, RE
               CHILDDIALOG\BOOK\MODE.Cyclic 2
                  Line 1: .read_mode
-------------------------------------------------------------
Error log generated: 2021-02-04 12:57:48
Environment:   Apl: MAIN ; Tool: C:\SC\APL\MAIN\PICT\APK\PRD_TX.VSO ; Product: SYS_600 10.2.1 PRODUCTION (10.2 PRODUCTION) ; Platform: PC/AT | Windows Server 2016 | VS_LOCAL
Error:         188 SCIL_UNDEFINED_VARIABLE
In program:    CHILDDIALOG\BOOK\MODE.READ_MODE
On line:       1 #local ln_LR, t_LR, led = 0, tr_st, t_GOOSE, t_TRIP, TRIP_IX = %t_IX_s + 2, KTx_status, ktx_st, KTx_status_IX = %t_IX_s + 1, KTx_mode, KTx_mode_ix = %t_IX_s; + 1, RE
In file:       C:\SC\APL\MAIN\PICT\APK\PRD_TX.VSO
Error state:   STOP
Comments:      
Call Stack:    CHILDDIALOG\BOOK\MODE.READ_MODE
                  Line 1: #local ln_LR, t_LR, led = 0, tr_st, t_GOOSE, t_TRIP, TRIP_IX = %t_IX_s + 2, KTx_status, ktx_st, KTx_status_IX = %t_IX_s + 1, KTx_mode, KTx_mode_ix = %t_IX_s; + 1, RE
               CHILDDIALOG\BOOK\MODE.Cyclic 2
                  Line 1: .read_mode
-------------------------------------------------------------
Error log generated: 2021-02-04 12:57:50
Environment:   Apl: MAIN ; Tool: C:\SC\APL\MAIN\PICT\APK\PRD_TX.VSO ; Product: SYS_600 10.2.1 PRODUCTION (10.2 PRODUCTION) ; Platform: PC/AT | Windows Server 2016 | VS_LOCAL
Error:         188 SCIL_UNDEFINED_VARIABLE
In program:    CHILDDIALOG\BOOK\MODE.READ_MODE
On line:       1 #local ln_LR, t_LR, led = 0, tr_st, t_GOOSE, t_TRIP, TRIP_IX = %t_IX_s + 2, KTx_status, ktx_st, KTx_status_IX = %t_IX_s + 1, KTx_mode, KTx_mode_ix = %t_IX_s; + 1, RE
In file:       C:\SC\APL\MAIN\PICT\APK\PRD_TX.VSO
Error state:   STOP
Comments:      
Call Stack:    CHILDDIALOG\BOOK\MODE.READ_MODE
                  Line 1: #local ln_LR, t_LR, led = 0, tr_st, t_GOOSE, t_TRIP, TRIP_IX = %t_IX_s + 2, KTx_status, ktx_st, KTx_status_IX = %t_IX_s + 1, KTx_mode, KTx_mode_ix = %t_IX_s; + 1, RE
               CHILDDIALOG\BOOK\MODE.Cyclic 2
                  Line 1: .read_mode
-------------------------------------------------------------
Error log generated: 2021-02-04 12:57:52
Environment:   Apl: MAIN ; Tool: C:\SC\APL\MAIN\PICT\APK\PRD_TX.VSO ; Product: SYS_600 10.2.1 PRODUCTION (10.2 PRODUCTION) ; Platform: PC/AT | Windows Server 2016 | VS_LOCAL
Error:         188 SCIL_UNDEFINED_VARIABLE
In program:    CHILDDIALOG\BOOK\MODE.READ_MODE
On line:       1 #local ln_LR, t_LR, led = 0, tr_st, t_GOOSE, t_TRIP, TRIP_IX = %t_IX_s + 2, KTx_status, ktx_st, KTx_status_IX = %t_IX_s + 1, KTx_mode, KTx_mode_ix = %t_IX_s; + 1, RE
In file:       C:\SC\APL\MAIN\PICT\APK\PRD_TX.VSO
Error state:   STOP
Comments:      
Call Stack:    CHILDDIALOG\BOOK\MODE.READ_MODE
                  Line 1: #local ln_LR, t_LR, led = 0, tr_st, t_GOOSE, t_TRIP, TRIP_IX = %t_IX_s + 2, KTx_status, ktx_st, KTx_status_IX = %t_IX_s + 1, KTx_mode, KTx_mode_ix = %t_IX_s; + 1, RE
               CHILDDIALOG\BOOK\MODE.Cyclic 2
                  Line 1: .read_mode
-------------------------------------------------------------
Error log generated: 2021-02-04 12:57:54
Environment:   Apl: MAIN ; Tool: C:\SC\APL\MAIN\PICT\APK\PRD_TX.VSO ; Product: SYS_600 10.2.1 PRODUCTION (10.2 PRODUCTION) ; Platform: PC/AT | Windows Server 2016 | VS_LOCAL
Error:         188 SCIL_UNDEFINED_VARIABLE
In program:    CHILDDIALOG\BOOK\MODE.READ_MODE
On line:       1 #local ln_LR, t_LR, led = 0, tr_st, t_GOOSE, t_TRIP, TRIP_IX = %t_IX_s + 2, KTx_status, ktx_st, KTx_status_IX = %t_IX_s + 1, KTx_mode, KTx_mode_ix = %t_IX_s; + 1, RE
In file:       C:\SC\APL\MAIN\PICT\APK\PRD_TX.VSO
Error state:   STOP
Comments:      
Call Stack:    CHILDDIALOG\BOOK\MODE.READ_MODE
                  Line 1: #local ln_LR, t_LR, led = 0, tr_st, t_GOOSE, t_TRIP, TRIP_IX = %t_IX_s + 2, KTx_status, ktx_st, KTx_status_IX = %t_IX_s + 1, KTx_mode, KTx_mode_ix = %t_IX_s; + 1, RE
               CHILDDIALOG\BOOK\MODE.Cyclic 2
                  Line 1: .read_mode
-------------------------------------------------------------
Error log generated: 2021-02-04 12:57:56
Environment:   Apl: MAIN ; Tool: C:\SC\APL\MAIN\PICT\APK\PRD_TX.VSO ; Product: SYS_600 10.2.1 PRODUCTION (10.2 PRODUCTION) ; Platform: PC/AT | Windows Server 2016 | VS_LOCAL
Error:         188 SCIL_UNDEFINED_VARIABLE
In program:    CHILDDIALOG\BOOK\MODE.READ_MODE
On line:       1 #local ln_LR, t_LR, led = 0, tr_st, t_GOOSE, t_TRIP, TRIP_IX = %t_IX_s + 2, KTx_status, ktx_st, KTx_status_IX = %t_IX_s + 1, KTx_mode, KTx_mode_ix = %t_IX_s; + 1, RE
In file:       C:\SC\APL\MAIN\PICT\APK\PRD_TX.VSO
Error state:   STOP
Comments:      
Call Stack:    CHILDDIALOG\BOOK\MODE.READ_MODE
                  Line 1: #local ln_LR, t_LR, led = 0, tr_st, t_GOOSE, t_TRIP, TRIP_IX = %t_IX_s + 2, KTx_status, ktx_st, KTx_status_IX = %t_IX_s + 1, KTx_mode, KTx_mode_ix = %t_IX_s; + 1, RE
               CHILDDIALOG\BOOK\MODE.Cyclic 2
                  Line 1: .read_mode
-------------------------------------------------------------
Error log generated: 2021-02-04 12:57:58
Environment:   Apl: MAIN ; Tool: C:\SC\APL\MAIN\PICT\APK\PRD_TX.VSO ; Product: SYS_600 10.2.1 PRODUCTION (10.2 PRODUCTION) ; Platform: PC/AT | Windows Server 2016 | VS_LOCAL
Error:         188 SCIL_UNDEFINED_VARIABLE
In program:    CHILDDIALOG\BOOK\MODE.READ_MODE
On line:       1 #local ln_LR, t_LR, led = 0, tr_st, t_GOOSE, t_TRIP, TRIP_IX = %t_IX_s + 2, KTx_status, ktx_st, KTx_status_IX = %t_IX_s + 1, KTx_mode, KTx_mode_ix = %t_IX_s; + 1, RE
In file:       C:\SC\APL\MAIN\PICT\APK\PRD_TX.VSO
Error state:   STOP
Comments:      
Call Stack:    CHILDDIALOG\BOOK\MODE.READ_MODE
                  Line 1: #local ln_LR, t_LR, led = 0, tr_st, t_GOOSE, t_TRIP, TRIP_IX = %t_IX_s + 2, KTx_status, ktx_st, KTx_status_IX = %t_IX_s + 1, KTx_mode, KTx_mode_ix = %t_IX_s; + 1, RE
               CHILDDIALOG\BOOK\MODE.Cyclic 2
                  Line 1: .read_mode
-------------------------------------------------------------
Error log generated: 2021-02-04 12:58:00
Environment:   Apl: MAIN ; Tool: C:\SC\APL\MAIN\PICT\APK\PRD_TX.VSO ; Product: SYS_600 10.2.1 PRODUCTION (10.2 PRODUCTION) ; Platform: PC/AT | Windows Server 2016 | VS_LOCAL
Error:         188 SCIL_UNDEFINED_VARIABLE
In program:    CHILDDIALOG\BOOK\MODE.READ_MODE
On line:       1 #local ln_LR, t_LR, led = 0, tr_st, t_GOOSE, t_TRIP, TRIP_IX = %t_IX_s + 2, KTx_status, ktx_st, KTx_status_IX = %t_IX_s + 1, KTx_mode, KTx_mode_ix = %t_IX_s; + 1, RE
In file:       C:\SC\APL\MAIN\PICT\APK\PRD_TX.VSO
Error state:   STOP
Comments:      
Call Stack:    CHILDDIALOG\BOOK\MODE.READ_MODE
                  Line 1: #local ln_LR, t_LR, led = 0, tr_st, t_GOOSE, t_TRIP, TRIP_IX = %t_IX_s + 2, KTx_status, ktx_st, KTx_status_IX = %t_IX_s + 1, KTx_mode, KTx_mode_ix = %t_IX_s; + 1, RE
               CHILDDIALOG\BOOK\MODE.Cyclic 2
                  Line 1: .read_mode
-------------------------------------------------------------
Error log generated: 2021-02-04 12:58:02
Environment:   Apl: MAIN ; Tool: C:\SC\APL\MAIN\PICT\APK\PRD_TX.VSO ; Product: SYS_600 10.2.1 PRODUCTION (10.2 PRODUCTION) ; Platform: PC/AT | Windows Server 2016 | VS_LOCAL
Error:         188 SCIL_UNDEFINED_VARIABLE
In program:    CHILDDIALOG\BOOK\MODE.READ_MODE
On line:       1 #local ln_LR, t_LR, led = 0, tr_st, t_GOOSE, t_TRIP, TRIP_IX = %t_IX_s + 2, KTx_status, ktx_st, KTx_status_IX = %t_IX_s + 1, KTx_mode, KTx_mode_ix = %t_IX_s; + 1, RE
In file:       C:\SC\APL\MAIN\PICT\APK\PRD_TX.VSO
Error state:   STOP
Comments:      
Call Stack:    CHILDDIALOG\BOOK\MODE.READ_MODE
                  Line 1: #local ln_LR, t_LR, led = 0, tr_st, t_GOOSE, t_TRIP, TRIP_IX = %t_IX_s + 2, KTx_status, ktx_st, KTx_status_IX = %t_IX_s + 1, KTx_mode, KTx_mode_ix = %t_IX_s; + 1, RE
               CHILDDIALOG\BOOK\MODE.Cyclic 2
                  Line 1: .read_mode
-------------------------------------------------------------
Error log generated: 2021-02-04 12:58:04
Environment:   Apl: MAIN ; Tool: C:\SC\APL\MAIN\PICT\APK\PRD_TX.VSO ; Product: SYS_600 10.2.1 PRODUCTION (10.2 PRODUCTION) ; Platform: PC/AT | Windows Server 2016 | VS_LOCAL
Error:         188 SCIL_UNDEFINED_VARIABLE
In program:    CHILDDIALOG\BOOK\MODE.READ_MODE
On line:       1 #local ln_LR, t_LR, led = 0, tr_st, t_GOOSE, t_TRIP, TRIP_IX = %t_IX_s + 2, KTx_status, ktx_st, KTx_status_IX = %t_IX_s + 1, KTx_mode, KTx_mode_ix = %t_IX_s; + 1, RE
In file:       C:\SC\APL\MAIN\PICT\APK\PRD_TX.VSO
Error state:   STOP
Comments:      
Call Stack:    CHILDDIALOG\BOOK\MODE.READ_MODE
                  Line 1: #local ln_LR, t_LR, led = 0, tr_st, t_GOOSE, t_TRIP, TRIP_IX = %t_IX_s + 2, KTx_status, ktx_st, KTx_status_IX = %t_IX_s + 1, KTx_mode, KTx_mode_ix = %t_IX_s; + 1, RE
               CHILDDIALOG\BOOK\MODE.Cyclic 2
                  Line 1: .read_mode
-------------------------------------------------------------
Error log generated: 2021-02-04 12:58:06
Environment:   Apl: MAIN ; Tool: C:\SC\APL\MAIN\PICT\APK\PRD_TX.VSO ; Product: SYS_600 10.2.1 PRODUCTION (10.2 PRODUCTION) ; Platform: PC/AT | Windows Server 2016 | VS_LOCAL
Error:         188 SCIL_UNDEFINED_VARIABLE
In program:    CHILDDIALOG\BOOK\MODE.READ_MODE
On line:       1 #local ln_LR, t_LR, led = 0, tr_st, t_GOOSE, t_TRIP, TRIP_IX = %t_IX_s + 2, KTx_status, ktx_st, KTx_status_IX = %t_IX_s + 1, KTx_mode, KTx_mode_ix = %t_IX_s; + 1, RE
In file:       C:\SC\APL\MAIN\PICT\APK\PRD_TX.VSO
Error state:   STOP
Comments:      
Call Stack:    CHILDDIALOG\BOOK\MODE.READ_MODE
                  Line 1: #local ln_LR, t_LR, led = 0, tr_st, t_GOOSE, t_TRIP, TRIP_IX = %t_IX_s + 2, KTx_status, ktx_st, KTx_status_IX = %t_IX_s + 1, KTx_mode, KTx_mode_ix = %t_IX_s; + 1, RE
               CHILDDIALOG\BOOK\MODE.Cyclic 2
                  Line 1: .read_mode
-------------------------------------------------------------
Error log generated: 2021-02-04 12:58:08
Environment:   Apl: MAIN ; Tool: C:\SC\APL\MAIN\PICT\APK\PRD_TX.VSO ; Product: SYS_600 10.2.1 PRODUCTION (10.2 PRODUCTION) ; Platform: PC/AT | Windows Server 2016 | VS_LOCAL
Error:         188 SCIL_UNDEFINED_VARIABLE
In program:    CHILDDIALOG\BOOK\MODE.READ_MODE
On line:       1 #local ln_LR, t_LR, led = 0, tr_st, t_GOOSE, t_TRIP, TRIP_IX = %t_IX_s + 2, KTx_status, ktx_st, KTx_status_IX = %t_IX_s + 1, KTx_mode, KTx_mode_ix = %t_IX_s; + 1, RE
In file:       C:\SC\APL\MAIN\PICT\APK\PRD_TX.VSO
Error state:   STOP
Comments:      
Call Stack:    CHILDDIALOG\BOOK\MODE.READ_MODE
                  Line 1: #local ln_LR, t_LR, led = 0, tr_st, t_GOOSE, t_TRIP, TRIP_IX = %t_IX_s + 2, KTx_status, ktx_st, KTx_status_IX = %t_IX_s + 1, KTx_mode, KTx_mode_ix = %t_IX_s; + 1, RE
               CHILDDIALOG\BOOK\MODE.Cyclic 2
                  Line 1: .read_mode
-------------------------------------------------------------
Error log generated: 2021-02-04 12:58:10
Environment:   Apl: MAIN ; Tool: C:\SC\APL\MAIN\PICT\APK\PRD_TX.VSO ; Product: SYS_600 10.2.1 PRODUCTION (10.2 PRODUCTION) ; Platform: PC/AT | Windows Server 2016 | VS_LOCAL
Error:         188 SCIL_UNDEFINED_VARIABLE
In program:    CHILDDIALOG\BOOK\MODE.READ_MODE
On line:       1 #local ln_LR, t_LR, led = 0, tr_st, t_GOOSE, t_TRIP, TRIP_IX = %t_IX_s + 2, KTx_status, ktx_st, KTx_status_IX = %t_IX_s + 1, KTx_mode, KTx_mode_ix = %t_IX_s; + 1, RE
In file:       C:\SC\APL\MAIN\PICT\APK\PRD_TX.VSO
Error state:   STOP
Comments:      
Call Stack:    CHILDDIALOG\BOOK\MODE.READ_MODE
                  Line 1: #local ln_LR, t_LR, led = 0, tr_st, t_GOOSE, t_TRIP, TRIP_IX = %t_IX_s + 2, KTx_status, ktx_st, KTx_status_IX = %t_IX_s + 1, KTx_mode, KTx_mode_ix = %t_IX_s; + 1, RE
               CHILDDIALOG\BOOK\MODE.Cyclic 2
                  Line 1: .read_mode
-------------------------------------------------------------
Error log generated: 2021-02-04 12:58:10
Environment:   Apl: MAIN ; Tool: C:\SC\APL\MAIN\PICT\APK\PRD_TX.VSO ; Product: SYS_600 10.2.1 PRODUCTION (10.2 PRODUCTION) ; Platform: PC/AT | Windows Server 2016 | VS_LOCAL
Error:         188 SCIL_UNDEFINED_VARIABLE
In program:    CHILDDIALOG\BOOK\MODE.READ_MODE
On line:       1 #local ln_LR, t_LR, led = 0, tr_st, t_GOOSE, t_TRIP, TRIP_IX = %t_IX_s + 2, KTx_status, ktx_st, KTx_status_IX = %t_IX_s + 1, KTx_mode, KTx_mode_ix = %t_IX_s; + 1, RE
In file:       C:\SC\APL\MAIN\PICT\APK\PRD_TX.VSO
Error state:   STOP
Comments:      
Call Stack:    CHILDDIALOG\BOOK\MODE.READ_MODE
                  Line 1: #local ln_LR, t_LR, led = 0, tr_st, t_GOOSE, t_TRIP, TRIP_IX = %t_IX_s + 2, KTx_status, ktx_st, KTx_status_IX = %t_IX_s + 1, KTx_mode, KTx_mode_ix = %t_IX_s; + 1, RE
               CHILDDIALOG.SETSETTINGS
                  Line 10: ROOT\BOOK\Mode.read_mode
               CHILDDIALOG.NOTIFY
                  Line 1: .setsettings
-------------------------------------------------------------
Error log generated: 2021-02-04 12:58:12
Environment:   Apl: MAIN ; Tool: C:\SC\APL\MAIN\PICT\APK\PRD_TX.VSO ; Product: SYS_600 10.2.1 PRODUCTION (10.2 PRODUCTION) ; Platform: PC/AT | Windows Server 2016 | VS_LOCAL
Error:         188 SCIL_UNDEFINED_VARIABLE
In program:    CHILDDIALOG\BOOK\MODE.READ_MODE
On line:       1 #local ln_LR, t_LR, led = 0, tr_st, t_GOOSE, t_TRIP, TRIP_IX = %t_IX_s + 2, KTx_status, ktx_st, KTx_status_IX = %t_IX_s + 1, KTx_mode, KTx_mode_ix = %t_IX_s; + 1, RE
In file:       C:\SC\APL\MAIN\PICT\APK\PRD_TX.VSO
Error state:   STOP
Comments:      
Call Stack:    CHILDDIALOG\BOOK\MODE.READ_MODE
                  Line 1: #local ln_LR, t_LR, led = 0, tr_st, t_GOOSE, t_TRIP, TRIP_IX = %t_IX_s + 2, KTx_status, ktx_st, KTx_status_IX = %t_IX_s + 1, KTx_mode, KTx_mode_ix = %t_IX_s; + 1, RE
               CHILDDIALOG\BOOK\MODE.Cyclic 2
                  Line 1: .read_mode
-------------------------------------------------------------
Error log generated: 2021-02-04 12:58:14
Environment:   Apl: MAIN ; Tool: C:\SC\APL\MAIN\PICT\APK\PRD_TX.VSO ; Product: SYS_600 10.2.1 PRODUCTION (10.2 PRODUCTION) ; Platform: PC/AT | Windows Server 2016 | VS_LOCAL
Error:         188 SCIL_UNDEFINED_VARIABLE
In program:    CHILDDIALOG\BOOK\MODE.READ_MODE
On line:       1 #local ln_LR, t_LR, led = 0, tr_st, t_GOOSE, t_TRIP, TRIP_IX = %t_IX_s + 2, KTx_status, ktx_st, KTx_status_IX = %t_IX_s + 1, KTx_mode, KTx_mode_ix = %t_IX_s; + 1, RE
In file:       C:\SC\APL\MAIN\PICT\APK\PRD_TX.VSO
Error state:   STOP
Comments:      
Call Stack:    CHILDDIALOG\BOOK\MODE.READ_MODE
                  Line 1: #local ln_LR, t_LR, led = 0, tr_st, t_GOOSE, t_TRIP, TRIP_IX = %t_IX_s + 2, KTx_status, ktx_st, KTx_status_IX = %t_IX_s + 1, KTx_mode, KTx_mode_ix = %t_IX_s; + 1, RE
               CHILDDIALOG\BOOK\MODE.Cyclic 2
                  Line 1: .read_mode
-------------------------------------------------------------
Error log generated: 2021-02-04 12:58:16
Environment:   Apl: MAIN ; Tool: C:\SC\APL\MAIN\PICT\APK\PRD_TX.VSO ; Product: SYS_600 10.2.1 PRODUCTION (10.2 PRODUCTION) ; Platform: PC/AT | Windows Server 2016 | VS_LOCAL
Error:         188 SCIL_UNDEFINED_VARIABLE
In program:    CHILDDIALOG\BOOK\MODE.READ_MODE
On line:       1 #local ln_LR, t_LR, led = 0, tr_st, t_GOOSE, t_TRIP, TRIP_IX = %t_IX_s + 2, KTx_status, ktx_st, KTx_status_IX = %t_IX_s + 1, KTx_mode, KTx_mode_ix = %t_IX_s; + 1, RE
In file:       C:\SC\APL\MAIN\PICT\APK\PRD_TX.VSO
Error state:   STOP
Comments:      
Call Stack:    CHILDDIALOG\BOOK\MODE.READ_MODE
                  Line 1: #local ln_LR, t_LR, led = 0, tr_st, t_GOOSE, t_TRIP, TRIP_IX = %t_IX_s + 2, KTx_status, ktx_st, KTx_status_IX = %t_IX_s + 1, KTx_mode, KTx_mode_ix = %t_IX_s; + 1, RE
               CHILDDIALOG\BOOK\MODE.Cyclic 2
                  Line 1: .read_mode
-------------------------------------------------------------
Error log generated: 2021-02-04 12:58:18
Environment:   Apl: MAIN ; Tool: C:\SC\APL\MAIN\PICT\APK\PRD_TX.VSO ; Product: SYS_600 10.2.1 PRODUCTION (10.2 PRODUCTION) ; Platform: PC/AT | Windows Server 2016 | VS_LOCAL
Error:         188 SCIL_UNDEFINED_VARIABLE
In program:    CHILDDIALOG\BOOK\MODE.READ_MODE
On line:       1 #local ln_LR, t_LR, led = 0, tr_st, t_GOOSE, t_TRIP, TRIP_IX = %t_IX_s + 2, KTx_status, ktx_st, KTx_status_IX = %t_IX_s + 1, KTx_mode, KTx_mode_ix = %t_IX_s; + 1, RE
In file:       C:\SC\APL\MAIN\PICT\APK\PRD_TX.VSO
Error state:   STOP
Comments:      
Call Stack:    CHILDDIALOG\BOOK\MODE.READ_MODE
                  Line 1: #local ln_LR, t_LR, led = 0, tr_st, t_GOOSE, t_TRIP, TRIP_IX = %t_IX_s + 2, KTx_status, ktx_st, KTx_status_IX = %t_IX_s + 1, KTx_mode, KTx_mode_ix = %t_IX_s; + 1, RE
               CHILDDIALOG\BOOK\MODE.Cyclic 2
                  Line 1: .read_mode
-------------------------------------------------------------
Error log generated: 2021-02-04 12:59:46
Environment:   Apl: MAIN ; Tool: C:\SC\APL\MAIN\PICT\APK\PRD_TX.VSO ; Product: SYS_600 10.2.1 PRODUCTION (10.2 PRODUCTION) ; Platform: PC/AT | Windows Server 2016 | VS_LOCAL
Error:         188 SCIL_UNDEFINED_VARIABLE
In program:    CHILDDIALOG\BOOK\MODE.STATUS_MODE
On line:       1 #local  i = %t_IX_s; + 1
In file:       C:\SC\APL\MAIN\PICT\APK\PRD_TX.VSO
Error state:   STOP
Comments:      
Call Stack:    CHILDDIALOG\BOOK\MODE.STATUS_MODE
                  Line 1: #local  i = %t_IX_s; + 1
               CHILDDIALOG.READ_PARAM
                  Line 40: root\book\mode.status_mode
               CHILDDIALOG.SETSETTINGS
                  Line 1: .read_param
               CHILDDIALOG.NOTIFY
                  Line 1: .setsettings
-------------------------------------------------------------
Error log generated: 2021-02-04 13:04:44
Environment:   Apl: MAIN ; Tool: C:\SC\APL\MAIN\PICT\APK\PRD_TX.VSO ; Product: SYS_600 10.2.1 PRODUCTION (10.2 PRODUCTION) ; Platform: PC/AT | Windows Server 2016 | VS_LOCAL
Error:         188 SCIL_UNDEFINED_VARIABLE
In program:    CHILDDIALOG\BOOK\MODE.STATUS_MODE
On line:       1 #local  i = %t_IX_s; + 1
In file:       C:\SC\APL\MAIN\PICT\APK\PRD_TX.VSO
Error state:   STOP
Comments:      
Call Stack:    CHILDDIALOG\BOOK\MODE.STATUS_MODE
                  Line 1: #local  i = %t_IX_s; + 1
               CHILDDIALOG.READ_PARAM
                  Line 40: root\book\mode.status_mode
               CHILDDIALOG.SETSETTINGS
                  Line 1: .read_param
               CHILDDIALOG.NOTIFY
                  Line 1: .setsettings
-------------------------------------------------------------
Error log generated: 2021-02-04 13:08:10
Environment:   Apl: MAIN ; Tool: C:\SC\APL\MAIN\PICT\APK\PRD_TX.VSO ; Product: SYS_600 10.2.1 PRODUCTION (10.2 PRODUCTION) ; Platform: PC/AT | Windows Server 2016 | VS_LOCAL
Error:         188 SCIL_UNDEFINED_VARIABLE
In program:    CHILDDIALOG\BOOK\MODE.STATUS_MODE
On line:       1 #local  i = %t_IX_s; + 1
In file:       C:\SC\APL\MAIN\PICT\APK\PRD_TX.VSO
Error state:   STOP
Comments:      
Call Stack:    CHILDDIALOG\BOOK\MODE.STATUS_MODE
                  Line 1: #local  i = %t_IX_s; + 1
               CHILDDIALOG.READ_PARAM
                  Line 40: root\book\mode.status_mode
               CHILDDIALOG.SETSETTINGS
                  Line 1: .read_param
               CHILDDIALOG.NOTIFY
                  Line 1: .setsettings
-------------------------------------------------------------
Error log generated: 2021-02-04 13:11:18
Environment:   Apl: MAIN ; Tool: C:\SC\APL\MAIN\PICT\APK\PRD_TX.VSO ; Product: SYS_600 10.2.1 PRODUCTION (10.2 PRODUCTION) ; Platform: PC/AT | Windows Server 2016 | VS_LOCAL
Error:         188 SCIL_UNDEFINED_VARIABLE
In program:    CHILDDIALOG\BOOK\MODE.STATUS_MODE
On line:       1 #local  i = %t_IX_s; + 1
In file:       C:\SC\APL\MAIN\PICT\APK\PRD_TX.VSO
Error state:   STOP
Comments:      
Call Stack:    CHILDDIALOG\BOOK\MODE.STATUS_MODE
                  Line 1: #local  i = %t_IX_s; + 1
               CHILDDIALOG.READ_PARAM
                  Line 40: root\book\mode.status_mode
               CHILDDIALOG.SETSETTINGS
                  Line 1: .read_param
               CHILDDIALOG.NOTIFY
                  Line 1: .setsettings
-------------------------------------------------------------
Error log generated: 2021-02-04 13:21:33
Environment:   Apl: MAIN ; Tool: C:\SC\APL\MAIN\PICT\APK\PRD_TX.VSO ; Product: SYS_600 10.2.1 PRODUCTION (10.2 PRODUCTION) ; Platform: PC/AT | Windows Server 2016 | VS_LOCAL
Error:         188 SCIL_UNDEFINED_VARIABLE
In program:    CHILDDIALOG\BOOK\MODE.STATUS_MODE
On line:       1 #local  i = %t_IX_s; + 1
In file:       C:\SC\APL\MAIN\PICT\APK\PRD_TX.VSO
Error state:   STOP
Comments:      
Call Stack:    CHILDDIALOG\BOOK\MODE.STATUS_MODE
                  Line 1: #local  i = %t_IX_s; + 1
               CHILDDIALOG.READ_PARAM
                  Line 40: root\book\mode.status_mode
               CHILDDIALOG.SETSETTINGS
                  Line 1: .read_param
               CHILDDIALOG.NOTIFY
                  Line 1: .setsettings
-------------------------------------------------------------
Error log generated: 2021-02-04 13:21:54
Environment:   Apl: MAIN ; Tool: C:\SC\APL\MAIN\PICT\APK\PRD_TX.VSO ; Product: SYS_600 10.2.1 PRODUCTION (10.2 PRODUCTION) ; Platform: PC/AT | Windows Server 2016 | VS_LOCAL
Error:         188 SCIL_UNDEFINED_VARIABLE
In program:    CHILDDIALOG\BOOK\MODE.STATUS_MODE
On line:       1 #local  i = %t_IX_s; + 1
In file:       C:\SC\APL\MAIN\PICT\APK\PRD_TX.VSO
Error state:   STOP
Comments:      
Call Stack:    CHILDDIALOG\BOOK\MODE.STATUS_MODE
                  Line 1: #local  i = %t_IX_s; + 1
               CHILDDIALOG.READ_PARAM
                  Line 40: root\book\mode.status_mode
               CHILDDIALOG.SETSETTINGS
                  Line 1: .read_param
               CHILDDIALOG.NOTIFY
                  Line 1: .setsettings
-------------------------------------------------------------
Error log generated: 2021-02-04 13:24:05
Environment:   Apl: MAIN ; Tool: Object Navigator: C:\SC\STOOL\APLBUILD\ObjNavig.vso (1.280) ; Product: SYS_600 10.2.1 PRODUCTION (10.2 PRODUCTION) ; Platform: PC/AT | Windows Server 2016 | VS_LOCAL
Error:         477 SCIL_VS_OBJECT_NOT_FOUND
In program:    PRJMGR\TOOLMGR_1\OBJNAVIG_3\APPLICATION_OBJECT_NAVIGATOR.ARRANGE_NOTIFY
On line:       3       ROOT\\tbl_Objects.Adjust_Columns
In file:       C:\SC\STOOL\APLBUILD\ObjNavig.vso
Error state:   STOP
Comments:      
Call Stack:    APPLICATION_OBJECT_NAVIGATOR.ARRANGE_NOTIFY
                  Line 3:       ROOT\\tbl_Objects.Adjust_Columns
-------------------------------------------------------------
Error log generated: 2021-02-04 13:24:05
Environment:   Apl: MAIN ; Tool: Object Navigator: C:\SC\STOOL\APLBUILD\ObjNavig.vso (1.280) ; Product: SYS_600 10.2.1 PRODUCTION (10.2 PRODUCTION) ; Platform: PC/AT | Windows Server 2016 | VS_LOCAL
Error:         477 SCIL_VS_OBJECT_NOT_FOUND
In program:    PRJMGR\TOOLMGR_1\OBJNAVIG_3\APPLICATION_OBJECT_NAVIGATOR.ARRANGE_NOTIFY
On line:       3       ROOT\\tbl_Objects.Adjust_Columns
In file:       C:\SC\STOOL\APLBUILD\ObjNavig.vso
Error state:   STOP
Comments:      
Call Stack:    APPLICATION_OBJECT_NAVIGATOR.ARRANGE_NOTIFY
                  Line 3:       ROOT\\tbl_Objects.Adjust_Columns
-------------------------------------------------------------
Error log generated: 2021-02-04 13:24:05
Environment:   Apl: MAIN ; Tool: Object Navigator: C:\SC\STOOL\APLBUILD\ObjNavig.vso (1.280) ; Product: SYS_600 10.2.1 PRODUCTION (10.2 PRODUCTION) ; Platform: PC/AT | Windows Server 2016 | VS_LOCAL
Error:         477 SCIL_VS_OBJECT_NOT_FOUND
In program:    PRJMGR\TOOLMGR_1\OBJNAVIG_3\APPLICATION_OBJECT_NAVIGATOR.ARRANGE_NOTIFY
On line:       3       ROOT\\tbl_Objects.Adjust_Columns
In file:       C:\SC\STOOL\APLBUILD\ObjNavig.vso
Error state:   STOP
Comments:      
Call Stack:    APPLICATION_OBJECT_NAVIGATOR.ARRANGE_NOTIFY
                  Line 3:       ROOT\\tbl_Objects.Adjust_Columns
-------------------------------------------------------------
Error log generated: 2021-02-04 13:24:05
Environment:   Apl: MAIN ; Tool: Object Navigator: C:\SC\STOOL\APLBUILD\ObjNavig.vso (1.280) ; Product: SYS_600 10.2.1 PRODUCTION (10.2 PRODUCTION) ; Platform: PC/AT | Windows Server 2016 | VS_LOCAL
Error:         477 SCIL_VS_OBJECT_NOT_FOUND
In program:    PRJMGR\TOOLMGR_1\OBJNAVIG_3\APPLICATION_OBJECT_NAVIGATOR.ARRANGE_NOTIFY
On line:       3       ROOT\\tbl_Objects.Adjust_Columns
In file:       C:\SC\STOOL\APLBUILD\ObjNavig.vso
Error state:   STOP
Comments:      
Call Stack:    APPLICATION_OBJECT_NAVIGATOR.ARRANGE_NOTIFY
                  Line 3:       ROOT\\tbl_Objects.Adjust_Columns
-------------------------------------------------------------
Error log generated: 2021-02-04 13:24:05
Environment:   Apl: MAIN ; Tool: Object Navigator: C:\SC\STOOL\APLBUILD\ObjNavig.vso (1.280) ; Product: SYS_600 10.2.1 PRODUCTION (10.2 PRODUCTION) ; Platform: PC/AT | Windows Server 2016 | VS_LOCAL
Error:         477 SCIL_VS_OBJECT_NOT_FOUND
In program:    PRJMGR\TOOLMGR_1\OBJNAVIG_3\APPLICATION_OBJECT_NAVIGATOR.ARRANGE_NOTIFY
On line:       3       ROOT\\tbl_Objects.Adjust_Columns
In file:       C:\SC\STOOL\APLBUILD\ObjNavig.vso
Error state:   STOP
Comments:      
Call Stack:    APPLICATION_OBJECT_NAVIGATOR.ARRANGE_NOTIFY
                  Line 3:       ROOT\\tbl_Objects.Adjust_Columns
-------------------------------------------------------------
Error log generated: 2021-02-04 13:24:05
Environment:   Apl: MAIN ; Tool: Object Navigator: C:\SC\STOOL\APLBUILD\ObjNavig.vso (1.280) ; Product: SYS_600 10.2.1 PRODUCTION (10.2 PRODUCTION) ; Platform: PC/AT | Windows Server 2016 | VS_LOCAL
Error:         477 SCIL_VS_OBJECT_NOT_FOUND
In program:    PRJMGR\TOOLMGR_1\OBJNAVIG_3\APPLICATION_OBJECT_NAVIGATOR.ARRANGE_NOTIFY
On line:       3       ROOT\\tbl_Objects.Adjust_Columns
In file:       C:\SC\STOOL\APLBUILD\ObjNavig.vso
Error state:   STOP
Comments:      
Call Stack:    APPLICATION_OBJECT_NAVIGATOR.ARRANGE_NOTIFY
                  Line 3:       ROOT\\tbl_Objects.Adjust_Columns
-------------------------------------------------------------
Error log generated: 2021-02-04 13:25:22
Environment:   Apl: MAIN ; Tool: C:\SC\APL\MAIN\PICT\APK\PRD_TX.VSO ; Product: SYS_600 10.2.1 PRODUCTION (10.2 PRODUCTION) ; Platform: PC/AT | Windows Server 2016 | VS_LOCAL
Error:         188 SCIL_UNDEFINED_VARIABLE
In program:    CHILDDIALOG\BOOK\MODE.STATUS_MODE
On line:       1 #local  i = %t_IX_s; + 1
In file:       C:\SC\APL\MAIN\PICT\APK\PRD_TX.VSO
Error state:   STOP
Comments:      
Call Stack:    CHILDDIALOG\BOOK\MODE.STATUS_MODE
                  Line 1: #local  i = %t_IX_s; + 1
               CHILDDIALOG.READ_PARAM
                  Line 40: root\book\mode.status_mode
               CHILDDIALOG.SETSETTINGS
                  Line 1: .read_param
               CHILDDIALOG.NOTIFY
                  Line 1: .setsettings
-------------------------------------------------------------
Error log generated: 2021-02-04 13:25:59
Environment:   Apl: MAIN ; Tool: C:\SC\APL\MAIN\PICT\APK\PRD_TX.VSO ; Product: SYS_600 10.2.1 PRODUCTION (10.2 PRODUCTION) ; Platform: PC/AT | Windows Server 2016 | VS_LOCAL
Error:         188 SCIL_UNDEFINED_VARIABLE
In program:    CHILDDIALOG\BOOK\MODE.STATUS_MODE
On line:       1 #local  i = %t_IX_s; + 1
In file:       C:\SC\APL\MAIN\PICT\APK\PRD_TX.VSO
Error state:   STOP
Comments:      
Call Stack:    CHILDDIALOG\BOOK\MODE.STATUS_MODE
                  Line 1: #local  i = %t_IX_s; + 1
               CHILDDIALOG.READ_PARAM
                  Line 40: root\book\mode.status_mode
               CHILDDIALOG.SETSETTINGS
                  Line 1: .read_param
               CHILDDIALOG.NOTIFY
                  Line 1: .setsettings
-------------------------------------------------------------
Error log generated: 2021-02-04 13:28:52
Environment:   Apl: MAIN ; Tool: C:\SC\APL\MAIN\PICT\APK\PRD_TX.VSO ; Product: SYS_600 10.2.1 PRODUCTION (10.2 PRODUCTION) ; Platform: PC/AT | Windows Server 2016 | VS_LOCAL
Error:         188 SCIL_UNDEFINED_VARIABLE
In program:    CHILDDIALOG\BOOK\MODE.STATUS_MODE
On line:       1 #local  i = %t_IX_s; + 1
In file:       C:\SC\APL\MAIN\PICT\APK\PRD_TX.VSO
Error state:   STOP
Comments:      
Call Stack:    CHILDDIALOG\BOOK\MODE.STATUS_MODE
                  Line 1: #local  i = %t_IX_s; + 1
               CHILDDIALOG.READ_PARAM
                  Line 40: root\book\mode.status_mode
               CHILDDIALOG.SETSETTINGS
                  Line 1: .read_param
               CHILDDIALOG.NOTIFY
                  Line 1: .setsettings
-------------------------------------------------------------
Error log generated: 2021-02-04 13:51:18
Environment:   Apl: MAIN ; Tool: C:\SC\APL\MAIN\PICT\APK\PRD_TX.VSO ; Product: SYS_600 10.2.1 PRODUCTION (10.2 PRODUCTION) ; Platform: PC/AT | Windows Server 2016 | VS_LOCAL
Error:         188 SCIL_UNDEFINED_VARIABLE
In program:    CHILDDIALOG\BOOK\MODE.STATUS_MODE
On line:       1 #local  i = %t_IX_s; + 1
In file:       C:\SC\APL\MAIN\PICT\APK\PRD_TX.VSO
Error state:   STOP
Comments:      
Call Stack:    CHILDDIALOG\BOOK\MODE.STATUS_MODE
                  Line 1: #local  i = %t_IX_s; + 1
               CHILDDIALOG.READ_PARAM
                  Line 40: root\book\mode.status_mode
               CHILDDIALOG.SETSETTINGS
                  Line 1: .read_param
               CHILDDIALOG.NOTIFY
                  Line 1: .setsettings
-------------------------------------------------------------
Error log generated: 2021-02-04 13:53:23
Environment:   Apl: MAIN ; Tool: C:\SC\APL\MAIN\PICT\APK\PRD_TX.VSO ; Product: SYS_600 10.2.1 PRODUCTION (10.2 PRODUCTION) ; Platform: PC/AT | Windows Server 2016 | VS_LOCAL
Error:         2056 PROF_OBJECT_DOES_NOT_EXIST
In program:    CHILDDIALOG\BOOK\MODE\CLRLED.NOTIFY
On line:       5 #set ST1BAY1KTC:PBO106 = 1
In file:       C:\SC\APL\MAIN\PICT\APK\PRD_TX.VSO
Error state:   STOP
Comments:      
Call Stack:    CHILDDIALOG\BOOK\MODE\CLRLED.NOTIFY
                  Line 5: #set ST1BAY1KTC:PBO106 = 1
-------------------------------------------------------------
Error log generated: 2021-02-04 13:57:43
Environment:   Apl: MAIN ; Tool: C:\SC\APL\MAIN\PICT\APK\PRD_TX.VSO ; Product: SYS_600 10.2.1 PRODUCTION (10.2 PRODUCTION) ; Platform: PC/AT | Windows Server 2016 | VS_LOCAL
Error:         188 SCIL_UNDEFINED_VARIABLE
In program:    CHILDDIALOG\BOOK\MODE.STATUS_MODE
On line:       1 #local  i = %t_IX_s; + 1
In file:       C:\SC\APL\MAIN\PICT\APK\PRD_TX.VSO
Error state:   STOP
Comments:      
Call Stack:    CHILDDIALOG\BOOK\MODE.STATUS_MODE
                  Line 1: #local  i = %t_IX_s; + 1
               CHILDDIALOG.READ_PARAM
                  Line 40: root\book\mode.status_mode
               CHILDDIALOG.SETSETTINGS
                  Line 1: .read_param
               CHILDDIALOG.NOTIFY
                  Line 1: .setsettings
-------------------------------------------------------------
Error log generated: 2021-02-04 14:12:07
Environment:   Apl: MAIN ; Tool: C:\SC\APL\MAIN\PICT\APK\PRD_TX.VSO ; Product: SYS_600 10.2.1 PRODUCTION (10.2 PRODUCTION) ; Platform: PC/AT | Windows Server 2016 | VS_LOCAL
Error:         188 SCIL_UNDEFINED_VARIABLE
In program:    CHILDDIALOG\BOOK\MODE.STATUS_MODE
On line:       1 #local  i = %t_IX_s; + 1
In file:       C:\SC\APL\MAIN\PICT\APK\PRD_TX.VSO
Error state:   STOP
Comments:      
Call Stack:    CHILDDIALOG\BOOK\MODE.STATUS_MODE
                  Line 1: #local  i = %t_IX_s; + 1
               CHILDDIALOG.READ_PARAM
                  Line 40: root\book\mode.status_mode
               CHILDDIALOG.SETSETTINGS
                  Line 1: .read_param
               CHILDDIALOG.NOTIFY
                  Line 1: .setsettings
-------------------------------------------------------------
Error log generated: 2021-02-04 14:16:00
Environment:   Apl: MAIN ; Tool: C:\SC\APL\MAIN\PICT\APK\PRD_TX.VSO ; Product: SYS_600 10.2.1 PRODUCTION (10.2 PRODUCTION) ; Platform: PC/AT | Windows Server 2016 | VS_LOCAL
Error:         188 SCIL_UNDEFINED_VARIABLE
In program:    CHILDDIALOG\BOOK\MODE.STATUS_MODE
On line:       1 #local  i = %t_IX_s; + 1
In file:       C:\SC\APL\MAIN\PICT\APK\PRD_TX.VSO
Error state:   STOP
Comments:      
Call Stack:    CHILDDIALOG\BOOK\MODE.STATUS_MODE
                  Line 1: #local  i = %t_IX_s; + 1
               CHILDDIALOG.READ_PARAM
                  Line 40: root\book\mode.status_mode
               CHILDDIALOG.SETSETTINGS
                  Line 1: .read_param
               CHILDDIALOG.NOTIFY
                  Line 1: .setsettings
-------------------------------------------------------------
Error log generated: 2021-02-04 14:17:12
Environment:   Apl: MAIN ; Tool: C:\SC\APL\MAIN\PICT\APK\PRD_TX.VSO ; Product: SYS_600 10.2.1 PRODUCTION (10.2 PRODUCTION) ; Platform: PC/AT | Windows Server 2016 | VS_LOCAL
Error:         188 SCIL_UNDEFINED_VARIABLE
In program:    CHILDDIALOG\BOOK\MODE.STATUS_MODE
On line:       1 #local  i = %t_IX_s; + 1
In file:       C:\SC\APL\MAIN\PICT\APK\PRD_TX.VSO
Error state:   STOP
Comments:      
Call Stack:    CHILDDIALOG\BOOK\MODE.STATUS_MODE
                  Line 1: #local  i = %t_IX_s; + 1
               CHILDDIALOG.READ_PARAM
                  Line 40: root\book\mode.status_mode
               CHILDDIALOG.SETSETTINGS
                  Line 1: .read_param
               CHILDDIALOG.NOTIFY
                  Line 1: .setsettings
-------------------------------------------------------------
Error log generated: 2021-02-04 14:17:36
Environment:   Apl: MAIN ; Tool: C:\SC\APL\MAIN\PICT\APK\PRD_TX.VSO ; Product: SYS_600 10.2.1 PRODUCTION (10.2 PRODUCTION) ; Platform: PC/AT | Windows Server 2016 | VS_LOCAL
Error:         188 SCIL_UNDEFINED_VARIABLE
In program:    CHILDDIALOG\BOOK\MODE.STATUS_MODE
On line:       1 #local  i = %t_IX_s; + 1
In file:       C:\SC\APL\MAIN\PICT\APK\PRD_TX.VSO
Error state:   STOP
Comments:      
Call Stack:    CHILDDIALOG\BOOK\MODE.STATUS_MODE
                  Line 1: #local  i = %t_IX_s; + 1
               CHILDDIALOG.READ_PARAM
                  Line 40: root\book\mode.status_mode
               CHILDDIALOG.SETSETTINGS
                  Line 1: .read_param
               CHILDDIALOG.NOTIFY
                  Line 1: .setsettings
-------------------------------------------------------------
Error log generated: 2021-02-04 14:18:16
Environment:   Apl: MAIN ; Tool: C:\SC\APL\MAIN\PICT\PRM_RX.VSO ; Product: SYS_600 10.2.1 PRODUCTION (10.2 PRODUCTION) ; Platform: PC/AT | Windows Server 2016 | VS_LOCAL
Error:         2056 PROF_OBJECT_DOES_NOT_EXIST
In program:    CHILDDIALOG\BOOK\MODE.STATUS_MODE
On line:       8 #if ST1BAY3KRS:POV2 == 1 #then .set ROOT\BOOK\Mode\tx_on._value = 1
In file:       C:\SC\APL\MAIN\PICT\PRM_RX.VSO
Error state:   STOP
Comments:      
Call Stack:    CHILDDIALOG\BOOK\MODE.STATUS_MODE
                  Line 8: #if ST1BAY3KRS:POV2 == 1 #then .set ROOT\BOOK\Mode\tx_on._value = 1
               CHILDDIALOG.READ_PARAM
                  Line 42: root\book\mode.status_mode
               CHILDDIALOG.SETSETTINGS
                  Line 1: .read_param
               CHILDDIALOG.NOTIFY
                  Line 1: .setsettings
-------------------------------------------------------------
Error log generated: 2021-02-04 14:18:31
Environment:   Apl: MAIN ; Tool: C:\SC\APL\MAIN\PICT\PRM_RX.VSO ; Product: SYS_600 10.2.1 PRODUCTION (10.2 PRODUCTION) ; Platform: PC/AT | Windows Server 2016 | VS_LOCAL
Error:         2056 PROF_OBJECT_DOES_NOT_EXIST
In program:    CHILDDIALOG\BOOK\MODE.STATUS_MODE
On line:       8 #if ST1BAY3KRS:POV2 == 1 #then .set ROOT\BOOK\Mode\tx_on._value = 1
In file:       C:\SC\APL\MAIN\PICT\PRM_RX.VSO
Error state:   STOP
Comments:      
Call Stack:    CHILDDIALOG\BOOK\MODE.STATUS_MODE
                  Line 8: #if ST1BAY3KRS:POV2 == 1 #then .set ROOT\BOOK\Mode\tx_on._value = 1
               CHILDDIALOG.READ_PARAM
                  Line 42: root\book\mode.status_mode
               CHILDDIALOG.SETSETTINGS
                  Line 1: .read_param
               CHILDDIALOG.NOTIFY
                  Line 1: .setsettings
-------------------------------------------------------------
Error log generated: 2021-02-04 14:21:37
Environment:   Apl: MAIN ; Tool: Object Navigator: C:\SC\STOOL\APLBUILD\ObjNavig.vso (1.280) ; Product: SYS_600 10.2.1 PRODUCTION (10.2 PRODUCTION) ; Platform: PC/AT | Windows Server 2016 | VS_LOCAL
Error:         421 SCIL_ATTRIBUTE_NOT_FOUND
In program:    PRJMGR\TOOLMGR_1\OBJNAVIG_1\APPLICATION_OBJECT_NAVIGATOR.ON_STANDARD_FUNCTION_PROPERTIES
On line:       142                            l_Tmp_Data = NEW_PICTURE_FUNCTION_CONF.L_CD3
In file:       C:\SC\STOOL\APLBUILD\ObjNavig.vso
Error state:   STOP
Comments:      
Call Stack:    APPLICATION_OBJECT_NAVIGATOR.ON_STANDARD_FUNCTION_PROPERTIES
                  Line 142:                            l_Tmp_Data = NEW_PICTURE_FUNCTION_CONF.L_CD3
               APPLICATION_OBJECT_NAVIGATOR\MNB_MENUBAR\MNU_STANDARD_FUNCTION\MNI_STANDARD_FUNCTION_PROPERTIES.NOTIFY
                  Line 1: ROOT.On_Standard_Function_Properties
-------------------------------------------------------------
Error log generated: 2021-02-04 14:21:49
Environment:   Apl: MAIN ; Tool: Object Navigator: C:\SC\STOOL\APLBUILD\ObjNavig.vso (1.280) ; Product: SYS_600 10.2.1 PRODUCTION (10.2 PRODUCTION) ; Platform: PC/AT | Windows Server 2016 | VS_LOCAL
Error:         421 SCIL_ATTRIBUTE_NOT_FOUND
In program:    PRJMGR\TOOLMGR_1\OBJNAVIG_1\APPLICATION_OBJECT_NAVIGATOR.ON_STANDARD_FUNCTION_PROPERTIES
On line:       142                            l_Tmp_Data = NEW_PICTURE_FUNCTION_CONF.L_CD3
In file:       C:\SC\STOOL\APLBUILD\ObjNavig.vso
Error state:   STOP
Comments:      
Call Stack:    APPLICATION_OBJECT_NAVIGATOR.ON_STANDARD_FUNCTION_PROPERTIES
                  Line 142:                            l_Tmp_Data = NEW_PICTURE_FUNCTION_CONF.L_CD3
               APPLICATION_OBJECT_NAVIGATOR\MNB_MENUBAR\MNU_STANDARD_FUNCTION\MNI_STANDARD_FUNCTION_PROPERTIES.NOTIFY
                  Line 1: ROOT.On_Standard_Function_Properties
-------------------------------------------------------------
Error log generated: 2021-02-04 14:39:30
Environment:   Apl: MAIN ; Tool: C:\SC\APL\MAIN\PICT\PRD_TX.VSO ; Product: SYS_600 10.2.1 PRODUCTION (10.2 PRODUCTION) ; Platform: PC/AT | Windows Server 2016 | VS_LOCAL
Error:         188 SCIL_UNDEFINED_VARIABLE
In program:    CHILDDIALOG\BOOK\MODE.STATUS_MODE
On line:       1 #local  i = %t_IX_s; + 1
In file:       C:\SC\APL\MAIN\PICT\PRD_TX.VSO
Error state:   STOP
Comments:      
Call Stack:    CHILDDIALOG\BOOK\MODE.STATUS_MODE
                  Line 1: #local  i = %t_IX_s; + 1
               CHILDDIALOG.READ_PARAM
                  Line 40: root\book\mode.status_mode
               CHILDDIALOG.SETSETTINGS
                  Line 1: .read_param
               CHILDDIALOG.NOTIFY
                  Line 1: .setsettings
-------------------------------------------------------------
Error log generated: 2021-02-04 16:01:12
Environment:   Apl: MAIN ; Tool: C:\SC\APL\MAIN\PICT\APK\PRD_TX.VSO ; Product: SYS_600 10.2.1 PRODUCTION (10.2 PRODUCTION) ; Platform: PC/AT | Windows Server 2016 | VS_LOCAL
Error:         2057 PROF_INDEX_DOES_NOT_EXIST
In program:    CHILDDIALOG\BOOK\MODE.SET_MODE
On line:       12 #if cmd > 0 #then #set ST1BAY3KTC:PDO100 = cmd
In file:       C:\SC\APL\MAIN\PICT\APK\PRD_TX.VSO
Error state:   STOP
Comments:      
Call Stack:    CHILDDIALOG\BOOK\MODE.SET_MODE
                  Line 12: #if cmd > 0 #then #set ST1BAY3KTC:PDO100 = cmd
               CHILDDIALOG\BOOK\MODE\MODE_CHANGE\MODE\YES_B.NOTIFY
                  Line 1: ROOT\BOOK\Mode.set_mode
-------------------------------------------------------------
Error log generated: 2021-02-04 16:01:41
Environment:   Apl: MAIN ; Tool: C:\SC\APL\MAIN\PICT\APK\PRD_TX.VSO ; Product: SYS_600 10.2.1 PRODUCTION (10.2 PRODUCTION) ; Platform: PC/AT | Windows Server 2016 | VS_LOCAL
Error:         2057 PROF_INDEX_DOES_NOT_EXIST
In program:    CHILDDIALOG\BOOK\MODE.SET_MODE
On line:       12 #if cmd > 0 #then #set ST1BAY3KTC:PDO100 = cmd
In file:       C:\SC\APL\MAIN\PICT\APK\PRD_TX.VSO
Error state:   STOP
Comments:      
Call Stack:    CHILDDIALOG\BOOK\MODE.SET_MODE
                  Line 12: #if cmd > 0 #then #set ST1BAY3KTC:PDO100 = cmd
               CHILDDIALOG\BOOK\MODE\MODE_CHANGE\MODE\YES_B.NOTIFY
                  Line 1: ROOT\BOOK\Mode.set_mode
-------------------------------------------------------------
Error log generated: 2021-02-04 16:02:08
Environment:   Apl: MAIN ; Tool: C:\SC\APL\MAIN\PICT\APK\PRD_TX.VSO ; Product: SYS_600 10.2.1 PRODUCTION (10.2 PRODUCTION) ; Platform: PC/AT | Windows Server 2016 | VS_LOCAL
Error:         2057 PROF_INDEX_DOES_NOT_EXIST
In program:    CHILDDIALOG\BOOK\MODE.SET_MODE
On line:       12 #if cmd > 0 #then #set ST1BAY3KTC:PDO100 = cmd
In file:       C:\SC\APL\MAIN\PICT\APK\PRD_TX.VSO
Error state:   STOP
Comments:      
Call Stack:    CHILDDIALOG\BOOK\MODE.SET_MODE
                  Line 12: #if cmd > 0 #then #set ST1BAY3KTC:PDO100 = cmd
               CHILDDIALOG\BOOK\MODE\MODE_CHANGE\MODE\YES_B.NOTIFY
                  Line 1: ROOT\BOOK\Mode.set_mode
-------------------------------------------------------------
Error log generated: 2021-02-04 16:02:16
Environment:   Apl: MAIN ; Tool: C:\SC\APL\MAIN\PICT\APK\PRD_TX.VSO ; Product: SYS_600 10.2.1 PRODUCTION (10.2 PRODUCTION) ; Platform: PC/AT | Windows Server 2016 | VS_LOCAL
Error:         2057 PROF_INDEX_DOES_NOT_EXIST
In program:    CHILDDIALOG\BOOK\MODE.SET_MODE
On line:       12 #if cmd > 0 #then #set ST1BAY3KTC:PDO100 = cmd
In file:       C:\SC\APL\MAIN\PICT\APK\PRD_TX.VSO
Error state:   STOP
Comments:      
Call Stack:    CHILDDIALOG\BOOK\MODE.SET_MODE
                  Line 12: #if cmd > 0 #then #set ST1BAY3KTC:PDO100 = cmd
               CHILDDIALOG\BOOK\MODE\MODE_CHANGE\MODE\YES_B.NOTIFY
                  Line 1: ROOT\BOOK\Mode.set_mode
-------------------------------------------------------------
Error log generated: 2021-02-04 16:08:04
Environment:   Apl: MAIN ; Tool: C:\SC\APL\MAIN\PICT\APK\PRD_TX.VSO ; Product: SYS_600 10.2.1 PRODUCTION (10.2 PRODUCTION) ; Platform: PC/AT | Windows Server 2016 | VS_LOCAL
Error:         2001 PROF_ATTRIBUTE_DOES_NOT_EXIST
In program:    CHILDDIALOG\BOOK\MODE.SET_MODE
On line:       12 #if cmd > 0 #then #set ST1BAY3KTC:PDO100 = cmd
In file:       C:\SC\APL\MAIN\PICT\APK\PRD_TX.VSO
Error state:   STOP
Comments:      
Call Stack:    CHILDDIALOG\BOOK\MODE.SET_MODE
                  Line 12: #if cmd > 0 #then #set ST1BAY3KTC:PDO100 = cmd
               CHILDDIALOG\BOOK\MODE\MODE_CHANGE\MODE\YES_B.NOTIFY
                  Line 1: ROOT\BOOK\Mode.set_mode
-------------------------------------------------------------
Error log generated: 2021-02-04 16:13:29
Environment:   Apl: MAIN ; Tool: C:\SC\APL\MAIN\PICT\APK\PRD_TX.VSO ; Product: SYS_600 10.2.1 PRODUCTION (10.2 PRODUCTION) ; Platform: PC/AT | Windows Server 2016 | VS_LOCAL
Error:         13221 SPAC_POINT_DEFINITION_NOT_FOUND
In program:    CHILDDIALOG\BOOK\MODE.SET_MODE
On line:       12 #if cmd > 0 #then #set ST1BAY3KTC:PDO100 = cmd
In file:       C:\SC\APL\MAIN\PICT\APK\PRD_TX.VSO
Error state:   STOP
Comments:      
Call Stack:    CHILDDIALOG\BOOK\MODE.SET_MODE
                  Line 12: #if cmd > 0 #then #set ST1BAY3KTC:PDO100 = cmd
               CHILDDIALOG\BOOK\MODE\MODE_CHANGE\MODE\YES_B.NOTIFY
                  Line 1: ROOT\BOOK\Mode.set_mode
-------------------------------------------------------------
Error log generated: 2021-02-04 16:13:47
Environment:   Apl: MAIN ; Tool: C:\SC\APL\MAIN\PICT\APK\PRD_TX.VSO ; Product: SYS_600 10.2.1 PRODUCTION (10.2 PRODUCTION) ; Platform: PC/AT | Windows Server 2016 | VS_LOCAL
Error:         13221 SPAC_POINT_DEFINITION_NOT_FOUND
In program:    CHILDDIALOG\BOOK\MODE.SET_MODE
On line:       12 #if cmd > 0 #then #set ST1BAY3KTC:PDO100 = cmd
In file:       C:\SC\APL\MAIN\PICT\APK\PRD_TX.VSO
Error state:   STOP
Comments:      
Call Stack:    CHILDDIALOG\BOOK\MODE.SET_MODE
                  Line 12: #if cmd > 0 #then #set ST1BAY3KTC:PDO100 = cmd
               CHILDDIALOG\BOOK\MODE\MODE_CHANGE\MODE\YES_B.NOTIFY
                  Line 1: ROOT\BOOK\Mode.set_mode
-------------------------------------------------------------
Error log generated: 2021-02-04 16:14:22
Environment:   Apl: MAIN ; Tool: C:\SC\APL\MAIN\PICT\APK\PRD_TX.VSO ; Product: SYS_600 10.2.1 PRODUCTION (10.2 PRODUCTION) ; Platform: PC/AT | Windows Server 2016 | VS_LOCAL
Error:         13221 SPAC_POINT_DEFINITION_NOT_FOUND
In program:    CHILDDIALOG\BOOK\MODE.SET_MODE
On line:       12 #if cmd > 0 #then #set ST1BAY3KTC:PDO100 = cmd
In file:       C:\SC\APL\MAIN\PICT\APK\PRD_TX.VSO
Error state:   STOP
Comments:      
Call Stack:    CHILDDIALOG\BOOK\MODE.SET_MODE
                  Line 12: #if cmd > 0 #then #set ST1BAY3KTC:PDO100 = cmd
               CHILDDIALOG\BOOK\MODE\MODE_CHANGE\MODE\YES_B.NOTIFY
                  Line 1: ROOT\BOOK\Mode.set_mode
-------------------------------------------------------------
Error log generated: 2021-02-06 13:47:40
Environment:   Apl: MAIN ; Tool: C:\SC\APL\MAIN\PICT\APK\PRM_RX.VSO ; Product: SYS_600 10.2.1 PRODUCTION (10.2 PRODUCTION) ; Platform: PC/AT | Windows Server 2016 | VS_LOCAL
Error:         10 NOT_SAMPLED_STATUS
In program:    CHILDDIALOG\BOOK\MODE.STATUS_MODE
On line:       8 #if ST1BAY3KRS:POV2 == 1 #then .set ROOT\BOOK\Mode\tx_on._value = 1
In file:       C:\SC\APL\MAIN\PICT\APK\PRM_RX.VSO
Error state:   STOP
Comments:      
Call Stack:    CHILDDIALOG\BOOK\MODE.STATUS_MODE
                  Line 8: #if ST1BAY3KRS:POV2 == 1 #then .set ROOT\BOOK\Mode\tx_on._value = 1
               CHILDDIALOG.READ_PARAM
                  Line 42: root\book\mode.status_mode
               CHILDDIALOG.SETSETTINGS
                  Line 1: .read_param
               CHILDDIALOG.NOTIFY
                  Line 1: .setsettings
-------------------------------------------------------------
Error log generated: 2021-02-06 13:48:30
Environment:   Apl: MAIN ; Tool: C:\SC\APL\MAIN\PICT\APK\PRM_RX.VSO ; Product: SYS_600 10.2.1 PRODUCTION (10.2 PRODUCTION) ; Platform: PC/AT | Windows Server 2016 | VS_LOCAL
Error:         10 NOT_SAMPLED_STATUS
In program:    CHILDDIALOG\BOOK\MODE.STATUS_MODE
On line:       8 #if ST1BAY3KRS:POV2 == 1 #then .set ROOT\BOOK\Mode\tx_on._value = 1
In file:       C:\SC\APL\MAIN\PICT\APK\PRM_RX.VSO
Error state:   STOP
Comments:      
Call Stack:    CHILDDIALOG\BOOK\MODE.STATUS_MODE
                  Line 8: #if ST1BAY3KRS:POV2 == 1 #then .set ROOT\BOOK\Mode\tx_on._value = 1
               CHILDDIALOG.READ_PARAM
                  Line 42: root\book\mode.status_mode
               CHILDDIALOG.SETSETTINGS
                  Line 1: .read_param
               CHILDDIALOG.NOTIFY
                  Line 1: .setsettings
-------------------------------------------------------------
Error log generated: 2021-02-06 13:48:32
Environment:   Apl: MAIN ; Tool: C:\SC\APL\MAIN\PICT\APK\PRM_RX.VSO ; Product: SYS_600 10.2.1 PRODUCTION (10.2 PRODUCTION) ; Platform: PC/AT | Windows Server 2016 | VS_LOCAL
Error:         10 NOT_SAMPLED_STATUS
In program:    CHILDDIALOG\BOOK\MODE.STATUS_MODE
On line:       8 #if ST1BAY3KRS:POV2 == 1 #then .set ROOT\BOOK\Mode\tx_on._value = 1
In file:       C:\SC\APL\MAIN\PICT\APK\PRM_RX.VSO
Error state:   STOP
Comments:      
Call Stack:    CHILDDIALOG\BOOK\MODE.STATUS_MODE
                  Line 8: #if ST1BAY3KRS:POV2 == 1 #then .set ROOT\BOOK\Mode\tx_on._value = 1
               CHILDDIALOG.READ_PARAM
                  Line 42: root\book\mode.status_mode
               CHILDDIALOG.SETSETTINGS
                  Line 1: .read_param
               CHILDDIALOG.NOTIFY
                  Line 1: .setsettings
-------------------------------------------------------------
Error log generated: 2021-02-06 13:48:41
Environment:   Apl: MAIN ; Tool: C:\SC\APL\MAIN\PICT\APK\PRM_RX.VSO ; Product: SYS_600 10.2.1 PRODUCTION (10.2 PRODUCTION) ; Platform: PC/AT | Windows Server 2016 | VS_LOCAL
Error:         10 NOT_SAMPLED_STATUS
In program:    CHILDDIALOG\BOOK\MODE.STATUS_MODE
On line:       8 #if ST1BAY3KRS:POV2 == 1 #then .set ROOT\BOOK\Mode\tx_on._value = 1
In file:       C:\SC\APL\MAIN\PICT\APK\PRM_RX.VSO
Error state:   STOP
Comments:      
Call Stack:    CHILDDIALOG\BOOK\MODE.STATUS_MODE
                  Line 8: #if ST1BAY3KRS:POV2 == 1 #then .set ROOT\BOOK\Mode\tx_on._value = 1
               CHILDDIALOG.READ_PARAM
                  Line 42: root\book\mode.status_mode
               CHILDDIALOG.SETSETTINGS
                  Line 1: .read_param
               CHILDDIALOG.NOTIFY
                  Line 1: .setsettings
-------------------------------------------------------------
Error log generated: 2019-12-20 00:46:28
Environment:   Apl: MAIN ; Tool: C:\SC\APL\MAIN\PICT\SKI\SKI.VSO ; Product: SYS_600 10.2.1 PRODUCTION (10.2 PRODUCTION) ; Platform: PC/AT | Windows Server 2016 | VS_LOCAL
Error:         2056 PROF_OBJECT_DOES_NOT_EXIST
In program:    CHILDDIALOG.READ_TABLE
On line:       2 U = ST1BAY1CIM:POV50
In file:       C:\SC\APL\MAIN\PICT\SKI\SKI.VSO
Error state:   STOP
Comments:      
Call Stack:    CHILDDIALOG.READ_TABLE
                  Line 2: U = ST1BAY1CIM:POV50
               CHILDDIALOG.NOTIFY
                  Line 2: .read_table
-------------------------------------------------------------
Error log generated: 2019-12-20 00:46:54
Environment:   Apl: MAIN ; Tool: C:\SC\APL\MAIN\PICT\SKI\SKI.VSO ; Product: SYS_600 10.2.1 PRODUCTION (10.2 PRODUCTION) ; Platform: PC/AT | Windows Server 2016 | VS_LOCAL
Error:         2056 PROF_OBJECT_DOES_NOT_EXIST
In program:    CHILDDIALOG.READ_TABLE
On line:       2 U = ST1BAY1CIM:POV50
In file:       C:\SC\APL\MAIN\PICT\SKI\SKI.VSO
Error state:   STOP
Comments:      
Call Stack:    CHILDDIALOG.READ_TABLE
                  Line 2: U = ST1BAY1CIM:POV50
               CHILDDIALOG.NOTIFY
                  Line 2: .read_table
-------------------------------------------------------------
Error log generated: 2019-12-20 04:15:08
Environment:   Apl: MAIN ; Tool: C:\SC\APL\MAIN\PICT\SKI\SKI.VSO ; Product: SYS_600 10.2.1 PRODUCTION (10.2 PRODUCTION) ; Platform: PC/AT | Windows Server 2016 | VS_LOCAL
Error:         2056 PROF_OBJECT_DOES_NOT_EXIST
In program:    CHILDDIALOG.READ_TABLE
On line:       2 U = ST1BAY1CIM:POV50
In file:       C:\SC\APL\MAIN\PICT\SKI\SKI.VSO
Error state:   STOP
Comments:      
Call Stack:    CHILDDIALOG.READ_TABLE
                  Line 2: U = ST1BAY1CIM:POV50
               CHILDDIALOG.NOTIFY
                  Line 2: .read_table
-------------------------------------------------------------
Error log generated: 2019-12-20 04:15:15
Environment:   Apl: MAIN ; Tool: C:\SC\APL\MAIN\PICT\SKI\SKI.VSO ; Product: SYS_600 10.2.1 PRODUCTION (10.2 PRODUCTION) ; Platform: PC/AT | Windows Server 2016 | VS_LOCAL
Error:         2056 PROF_OBJECT_DOES_NOT_EXIST
In program:    CHILDDIALOG.READ_TABLE
On line:       2 U = ST1BAY1CIM:POV50
In file:       C:\SC\APL\MAIN\PICT\SKI\SKI.VSO
Error state:   STOP
Comments:      
Call Stack:    CHILDDIALOG.READ_TABLE
                  Line 2: U = ST1BAY1CIM:POV50
               CHILDDIALOG.NOTIFY
                  Line 2: .read_table
-------------------------------------------------------------
Error log generated: 2019-12-20 04:23:36
Environment:   Apl: MAIN ; Tool: C:\SC\APL\MAIN\PICT\SKI\SKI.VSO ; Product: SYS_600 10.2.1 PRODUCTION (10.2 PRODUCTION) ; Platform: PC/AT | Windows Server 2016 | VS_LOCAL
Error:         2056 PROF_OBJECT_DOES_NOT_EXIST
In program:    CHILDDIALOG.READ_TABLE
On line:       2 U = ST1BAY1CIM:POV50
In file:       C:\SC\APL\MAIN\PICT\SKI\SKI.VSO
Error state:   STOP
Comments:      
Call Stack:    CHILDDIALOG.READ_TABLE
                  Line 2: U = ST1BAY1CIM:POV50
               CHILDDIALOG.NOTIFY
                  Line 2: .read_table
-------------------------------------------------------------
Error log generated: 2019-12-20 04:23:42
Environment:   Apl: MAIN ; Tool: C:\SC\APL\MAIN\PICT\SKI\SKI.VSO ; Product: SYS_600 10.2.1 PRODUCTION (10.2 PRODUCTION) ; Platform: PC/AT | Windows Server 2016 | VS_LOCAL
Error:         2056 PROF_OBJECT_DOES_NOT_EXIST
In program:    CHILDDIALOG.READ_TABLE
On line:       2 U = ST1BAY1CIM:POV50
In file:       C:\SC\APL\MAIN\PICT\SKI\SKI.VSO
Error state:   STOP
Comments:      
Call Stack:    CHILDDIALOG.READ_TABLE
                  Line 2: U = ST1BAY1CIM:POV50
               CHILDDIALOG.NOTIFY
                  Line 2: .read_table
-------------------------------------------------------------
Error log generated: 2019-12-20 04:27:36
Environment:   Apl: MAIN ; Tool: C:\SC\APL\MAIN\PICT\SKI\SKI.VSO ; Product: SYS_600 10.2.1 PRODUCTION (10.2 PRODUCTION) ; Platform: PC/AT | Windows Server 2016 | VS_LOCAL
Error:         2056 PROF_OBJECT_DOES_NOT_EXIST
In program:    CHILDDIALOG.READ_TABLE
On line:       2 U = ST1BAY1CIM:POV50
In file:       C:\SC\APL\MAIN\PICT\SKI\SKI.VSO
Error state:   STOP
Comments:      
Call Stack:    CHILDDIALOG.READ_TABLE
                  Line 2: U = ST1BAY1CIM:POV50
               CHILDDIALOG.NOTIFY
                  Line 2: .read_table
-------------------------------------------------------------
Error log generated: 2019-12-20 04:29:04
Environment:   Apl: MAIN ; Tool: C:\SC\APL\MAIN\PICT\SKI\SKI.VSO ; Product: SYS_600 10.2.1 PRODUCTION (10.2 PRODUCTION) ; Platform: PC/AT | Windows Server 2016 | VS_LOCAL
Error:         2056 PROF_OBJECT_DOES_NOT_EXIST
In program:    CHILDDIALOG.READ_TABLE
On line:       2 U = ST1BAY1CIM:POV50
In file:       C:\SC\APL\MAIN\PICT\SKI\SKI.VSO
Error state:   STOP
Comments:      
Call Stack:    CHILDDIALOG.READ_TABLE
                  Line 2: U = ST1BAY1CIM:POV50
               CHILDDIALOG.NOTIFY
                  Line 2: .read_table
