[STARTUP]
PRODUCT=SYS_600  10.2.1  PRODUCTION  2021-08-23T15:18:32Z
KERNEL=10.2  PRODUCTION  2021-08-23
TIME=2020-01-03 02:03
[LICENSE]
ALARM_LIST=1
APPL_OPC_SERVERS=1
AUTHORIZATION_KEY=1-NCJB-FHLJ-MFIF-CDII
BLOCKING_LIST=1
BUSBAR_COLORING=1
CUSTOMER=MICROSCADA X ENGINEERING CENTER
DISPLAY_BUILDER=1
ENGINEERING_WORKPLACES=1
EVENT_LIST=1
EXPIRATION=21-10-31
HISTORY_DATA=
HIS_DATABASES=1
HIS_SPREADSHEET=1
HIS_TAGS=2000
HIS_WORKSTATIONS=1
HSB=99
HW_KEY=
KERNEL_REVISION=10.2
MEAS_REPORTS=1
MIRRORING=HOST,IMAGE,BOTH
MODULE_MASK=30100000
NCC_ROUTING=1
OPC_AE_CLIENTS=1
OPC_CLIENT=1
OPC_DA_CLIENTS=1
OPC_SERVER=DA,A&E
OPERATOR_WORKSTATIONS=1
PL_LIB=1
PROCESS_IO=2000
PRODUCER=HITACHI POWER GRIDS FINLAND
PRODUCT=SYS_600
PROTOCOL_MASK=P11111111011111101010111111100001011101111111
REVISION=10.2
SA_LIB=1
SEQUENCER=1
SITE=ONLY FOR DEMO USE
SQL_EXPORT=1
SYSTEM_ID=3017005
TREND=1
UNITS=1
WORKSTATIONS=1
WORKSTATIONS_PRO=1
WORKSTATIONS_PRO_PLUS=1
