
Directory SCS$DISK:<SC.LAN.ACTIVE.PICGFG>

PICGCOMM.PIC;1            3   4-JUN-1993 16:21:01.18
PICGDRAWGS.LTX;9          1  11-JUN-1993 10:05:18.87
PICGDRAWGS.PIC;1         22  15-JUN-1993 15:38:30.44
PICGDRAWTB.LTX;9          5  18-JUN-1993 08:05:27.61
PICGDRAWTB.PIC;1        118  23-JUN-1993 17:04:53.13
PICGDUMMY.PIC;1          20  18-JUN-1993 07:25:29.10
PICGKEYDEF.LTX;5          1  16-JUN-1993 08:03:29.37
PICGKEYDEF.PIC;1         31  24-JUN-1993 07:38:58.16
PICGMAIN.LTX;2           12  24-JUN-1993 09:34:45.29
PICGMAIN.PIC;1           22  24-JUN-1993 09:29:54.78
PICGMISC.PIC;1            4  27-APR-1993 14:17:19.04
PICGMTOOL.PIC;1          89  24-JUN-1993 09:30:08.02
PICGNAMEDP.LTX;2          2   1-JUN-1993 12:43:03.84
PICGNAMEDP.PIC;1         13  14-JUN-1993 14:55:23.73
PICGPICFUN.PIC;1          7  16-JUN-1993 12:13:23.17
PICGQUADRS.LTX;2          1   1-JUN-1993 13:03:03.18
PICGQUADRS.PIC;1         13  10-JUN-1993 13:15:12.24
PICGSTATUS.PIC;1          3  18-JUN-1993 08:50:22.12
PICGTEXTED.LTX;11         5  18-JUN-1993 08:02:34.54
PICGTEXTED.PIC;1         59  18-JUN-1993 13:54:48.33
PICGWINDEF.LTX;2          1  16-JUN-1993 10:59:52.60
PICGWINDEF.PIC;1          6  16-JUN-1993 15:25:30.13

Total of 22 files, 438 blocks.
